[0.010s] Invoking command in '/home/agigas/turtlebot3_ws/build/turtlebot3_simulations': AMENT_PREFIX_PATH=/home/agigas/turtlebot3_ws/install/turtlebot3_gazebo:/home/agigas/turtlebot3_ws/install/turtlebot3_fake_node:${AMENT_PREFIX_PATH} CMAKE_PREFIX_PATH=/home/agigas/turtlebot3_ws/install/turtlebot3_gazebo:/home/agigas/turtlebot3_ws/install/turtlebot3_fake_node:/opt/ros/foxy /usr/bin/cmake /home/agigas/turtlebot3_ws/src/turtlebot3_simulations/turtlebot3_simulations -DAMENT_CMAKE_SYMLINK_INSTALL=1 -DCMAKE_INSTALL_PREFIX=/home/agigas/turtlebot3_ws/install/turtlebot3_simulations
[0.061s] -- The C compiler identification is GNU 9.4.0
[0.111s] -- The CXX compiler identification is GNU 9.4.0
[0.116s] -- Check for working C compiler: /usr/bin/cc
[0.180s] -- Check for working C compiler: /usr/bin/cc -- works
[0.181s] -- Detecting C compiler ABI info
[0.241s] -- Detecting C compiler ABI info - done
[0.251s] -- Detecting C compile features
[0.251s] -- Detecting C compile features - done
[0.253s] -- Check for working CXX compiler: /usr/bin/c++
[0.334s] -- Check for working CXX compiler: /usr/bin/c++ -- works
[0.336s] -- Detecting CXX compiler ABI info
[0.423s] -- Detecting CXX compiler ABI info - done
[0.436s] -- Detecting CXX compile features
[0.437s] -- Detecting CXX compile features - done
[0.439s] -- Found ament_cmake: 0.9.11 (/opt/ros/foxy/share/ament_cmake/cmake)
[0.460s] -- Found PythonInterp: /usr/bin/python3 (found suitable version "3.8.10", minimum required is "3") 
[0.460s] -- Using PYTHON_EXECUTABLE: /usr/bin/python3
[0.596s] -- Override CMake install command with custom implementation using symlinks instead of copying resources
[0.667s] -- Configuring done
[0.668s] -- Generating done
[0.669s] -- Build files have been written to: /home/agigas/turtlebot3_ws/build/turtlebot3_simulations
[0.672s] Invoked command in '/home/agigas/turtlebot3_ws/build/turtlebot3_simulations' returned '0': AMENT_PREFIX_PATH=/home/agigas/turtlebot3_ws/install/turtlebot3_gazebo:/home/agigas/turtlebot3_ws/install/turtlebot3_fake_node:${AMENT_PREFIX_PATH} CMAKE_PREFIX_PATH=/home/agigas/turtlebot3_ws/install/turtlebot3_gazebo:/home/agigas/turtlebot3_ws/install/turtlebot3_fake_node:/opt/ros/foxy /usr/bin/cmake /home/agigas/turtlebot3_ws/src/turtlebot3_simulations/turtlebot3_simulations -DAMENT_CMAKE_SYMLINK_INSTALL=1 -DCMAKE_INSTALL_PREFIX=/home/agigas/turtlebot3_ws/install/turtlebot3_simulations
[0.674s] Invoking command in '/home/agigas/turtlebot3_ws/build/turtlebot3_simulations': AMENT_PREFIX_PATH=/home/agigas/turtlebot3_ws/install/turtlebot3_gazebo:/home/agigas/turtlebot3_ws/install/turtlebot3_fake_node:${AMENT_PREFIX_PATH} CMAKE_PREFIX_PATH=/home/agigas/turtlebot3_ws/install/turtlebot3_gazebo:/home/agigas/turtlebot3_ws/install/turtlebot3_fake_node:/opt/ros/foxy /usr/bin/cmake --build /home/agigas/turtlebot3_ws/build/turtlebot3_simulations -- -j12 -l12
[0.708s] Invoked command in '/home/agigas/turtlebot3_ws/build/turtlebot3_simulations' returned '0': AMENT_PREFIX_PATH=/home/agigas/turtlebot3_ws/install/turtlebot3_gazebo:/home/agigas/turtlebot3_ws/install/turtlebot3_fake_node:${AMENT_PREFIX_PATH} CMAKE_PREFIX_PATH=/home/agigas/turtlebot3_ws/install/turtlebot3_gazebo:/home/agigas/turtlebot3_ws/install/turtlebot3_fake_node:/opt/ros/foxy /usr/bin/cmake --build /home/agigas/turtlebot3_ws/build/turtlebot3_simulations -- -j12 -l12
[0.726s] Invoking command in '/home/agigas/turtlebot3_ws/build/turtlebot3_simulations': AMENT_PREFIX_PATH=/home/agigas/turtlebot3_ws/install/turtlebot3_gazebo:/home/agigas/turtlebot3_ws/install/turtlebot3_fake_node:${AMENT_PREFIX_PATH} CMAKE_PREFIX_PATH=/home/agigas/turtlebot3_ws/install/turtlebot3_gazebo:/home/agigas/turtlebot3_ws/install/turtlebot3_fake_node:/opt/ros/foxy /usr/bin/cmake --install /home/agigas/turtlebot3_ws/build/turtlebot3_simulations
[0.733s] -- Install configuration: ""
[0.734s] -- Execute custom install script
[0.734s] -- Symlinking: /home/agigas/turtlebot3_ws/install/turtlebot3_simulations/share/ament_index/resource_index/package_run_dependencies/turtlebot3_simulations
[0.742s] -- Symlinking: /home/agigas/turtlebot3_ws/install/turtlebot3_simulations/share/ament_index/resource_index/parent_prefix_path/turtlebot3_simulations
[0.750s] -- Symlinking: /home/agigas/turtlebot3_ws/install/turtlebot3_simulations/share/turtlebot3_simulations/environment/ament_prefix_path.sh
[0.759s] -- Symlinking: /home/agigas/turtlebot3_ws/install/turtlebot3_simulations/share/turtlebot3_simulations/environment/ament_prefix_path.dsv
[0.767s] -- Symlinking: /home/agigas/turtlebot3_ws/install/turtlebot3_simulations/share/turtlebot3_simulations/environment/path.sh
[0.775s] -- Symlinking: /home/agigas/turtlebot3_ws/install/turtlebot3_simulations/share/turtlebot3_simulations/environment/path.dsv
[0.783s] -- Symlinking: /home/agigas/turtlebot3_ws/install/turtlebot3_simulations/share/turtlebot3_simulations/local_setup.bash
[0.791s] -- Symlinking: /home/agigas/turtlebot3_ws/install/turtlebot3_simulations/share/turtlebot3_simulations/local_setup.sh
[0.799s] -- Symlinking: /home/agigas/turtlebot3_ws/install/turtlebot3_simulations/share/turtlebot3_simulations/local_setup.zsh
[0.807s] -- Symlinking: /home/agigas/turtlebot3_ws/install/turtlebot3_simulations/share/turtlebot3_simulations/local_setup.dsv
[0.815s] -- Symlinking: /home/agigas/turtlebot3_ws/install/turtlebot3_simulations/share/turtlebot3_simulations/package.dsv
[0.823s] -- Symlinking: /home/agigas/turtlebot3_ws/install/turtlebot3_simulations/share/ament_index/resource_index/packages/turtlebot3_simulations
[0.831s] -- Symlinking: /home/agigas/turtlebot3_ws/install/turtlebot3_simulations/share/turtlebot3_simulations/cmake/turtlebot3_simulationsConfig.cmake
[0.839s] -- Symlinking: /home/agigas/turtlebot3_ws/install/turtlebot3_simulations/share/turtlebot3_simulations/cmake/turtlebot3_simulationsConfig-version.cmake
[0.847s] -- Symlinking: /home/agigas/turtlebot3_ws/install/turtlebot3_simulations/share/turtlebot3_simulations/package.xml
[0.859s] Invoked command in '/home/agigas/turtlebot3_ws/build/turtlebot3_simulations' returned '0': AMENT_PREFIX_PATH=/home/agigas/turtlebot3_ws/install/turtlebot3_gazebo:/home/agigas/turtlebot3_ws/install/turtlebot3_fake_node:${AMENT_PREFIX_PATH} CMAKE_PREFIX_PATH=/home/agigas/turtlebot3_ws/install/turtlebot3_gazebo:/home/agigas/turtlebot3_ws/install/turtlebot3_fake_node:/opt/ros/foxy /usr/bin/cmake --install /home/agigas/turtlebot3_ws/build/turtlebot3_simulations
