[0.248s] DEBUG:colcon:Command line arguments: ['/usr/bin/colcon', 'build', '--packages-select', 'cpp_topic']
[0.248s] DEBUG:colcon:Parsed command line arguments: Namespace(allow_overriding=[], ament_cmake_args=None, base_paths=['.'], build_base='build', catkin_cmake_args=None, catkin_skip_building_tests=False, cmake_args=None, cmake_clean_cache=False, cmake_clean_first=False, cmake_force_configure=False, cmake_target=None, cmake_target_skip_unavailable=False, continue_on_error=False, event_handlers=None, executor='parallel', ignore_user_meta=False, install_base='install', log_base=None, log_level=None, main=<bound method BuildVerb.main of <colcon_core.verb.build.BuildVerb object at 0x7fb95b56bd90>>, merge_install=False, metas=['./colcon.meta'], packages_above=None, packages_above_and_dependencies=None, packages_above_depth=None, packages_end=None, packages_ignore=None, packages_ignore_regex=None, packages_select=['cpp_topic'], packages_select_build_failed=False, packages_select_by_dep=None, packages_select_regex=None, packages_select_test_failures=False, packages_skip=None, packages_skip_build_finished=False, packages_skip_by_dep=None, packages_skip_regex=None, packages_skip_test_passed=False, packages_skip_up_to=None, packages_start=None, packages_up_to=None, packages_up_to_regex=None, parallel_workers=12, paths=None, symlink_install=False, test_result_base=None, verb_extension=<colcon_core.verb.build.BuildVerb object at 0x7fb95b56bd90>, verb_name='build', verb_parser=<colcon_defaults.argument_parser.defaults.DefaultArgumentsDecorator object at 0x7fb95b577340>)
[0.270s] Level 1:colcon.colcon_core.package_discovery:discover_packages(colcon_meta) check parameters
[0.270s] Level 1:colcon.colcon_core.package_discovery:discover_packages(recursive) check parameters
[0.270s] Level 1:colcon.colcon_core.package_discovery:discover_packages(ignore) check parameters
[0.270s] Level 1:colcon.colcon_core.package_discovery:discover_packages(path) check parameters
[0.270s] Level 1:colcon.colcon_core.package_discovery:discover_packages(colcon_meta) discover
[0.270s] Level 1:colcon.colcon_core.package_discovery:discover_packages(recursive) discover
[0.270s] INFO:colcon.colcon_core.package_discovery:Crawling recursively for packages in '/home/agigas/devopsrobot/ros_master_foxy'
[0.270s] Level 1:colcon.colcon_core.package_identification:_identify(.) by extensions ['ignore', 'ignore_ament_install']
[0.270s] Level 1:colcon.colcon_core.package_identification:_identify(.) by extension 'ignore'
[0.270s] Level 1:colcon.colcon_core.package_identification:_identify(.) by extension 'ignore_ament_install'
[0.270s] Level 1:colcon.colcon_core.package_identification:_identify(.) by extensions ['colcon_pkg']
[0.270s] Level 1:colcon.colcon_core.package_identification:_identify(.) by extension 'colcon_pkg'
[0.270s] Level 1:colcon.colcon_core.package_identification:_identify(.) by extensions ['colcon_meta']
[0.270s] Level 1:colcon.colcon_core.package_identification:_identify(.) by extension 'colcon_meta'
[0.270s] Level 1:colcon.colcon_core.package_identification:_identify(.) by extensions ['ros']
[0.270s] Level 1:colcon.colcon_core.package_identification:_identify(.) by extension 'ros'
[0.285s] Level 1:colcon.colcon_core.package_identification:_identify(.) by extensions ['cmake', 'python']
[0.285s] Level 1:colcon.colcon_core.package_identification:_identify(.) by extension 'cmake'
[0.285s] Level 1:colcon.colcon_core.package_identification:_identify(.) by extension 'python'
[0.285s] Level 1:colcon.colcon_core.package_identification:_identify(.) by extensions ['python_setup_py']
[0.285s] Level 1:colcon.colcon_core.package_identification:_identify(.) by extension 'python_setup_py'
[0.285s] Level 1:colcon.colcon_core.package_identification:_identify(build) by extensions ['ignore', 'ignore_ament_install']
[0.285s] Level 1:colcon.colcon_core.package_identification:_identify(build) by extension 'ignore'
[0.285s] Level 1:colcon.colcon_core.package_identification:_identify(build) ignored
[0.286s] Level 1:colcon.colcon_core.package_identification:_identify(install) by extensions ['ignore', 'ignore_ament_install']
[0.286s] Level 1:colcon.colcon_core.package_identification:_identify(install) by extension 'ignore'
[0.286s] Level 1:colcon.colcon_core.package_identification:_identify(install) ignored
[0.286s] Level 1:colcon.colcon_core.package_identification:_identify(log) by extensions ['ignore', 'ignore_ament_install']
[0.286s] Level 1:colcon.colcon_core.package_identification:_identify(log) by extension 'ignore'
[0.286s] Level 1:colcon.colcon_core.package_identification:_identify(log) ignored
[0.286s] Level 1:colcon.colcon_core.package_identification:_identify(ros2_basics) by extensions ['ignore', 'ignore_ament_install']
[0.286s] Level 1:colcon.colcon_core.package_identification:_identify(ros2_basics) by extension 'ignore'
[0.286s] Level 1:colcon.colcon_core.package_identification:_identify(ros2_basics) by extension 'ignore_ament_install'
[0.286s] Level 1:colcon.colcon_core.package_identification:_identify(ros2_basics) by extensions ['colcon_pkg']
[0.286s] Level 1:colcon.colcon_core.package_identification:_identify(ros2_basics) by extension 'colcon_pkg'
[0.286s] Level 1:colcon.colcon_core.package_identification:_identify(ros2_basics) by extensions ['colcon_meta']
[0.286s] Level 1:colcon.colcon_core.package_identification:_identify(ros2_basics) by extension 'colcon_meta'
[0.286s] Level 1:colcon.colcon_core.package_identification:_identify(ros2_basics) by extensions ['ros']
[0.286s] Level 1:colcon.colcon_core.package_identification:_identify(ros2_basics) by extension 'ros'
[0.286s] Level 1:colcon.colcon_core.package_identification:_identify(ros2_basics) by extensions ['cmake', 'python']
[0.286s] Level 1:colcon.colcon_core.package_identification:_identify(ros2_basics) by extension 'cmake'
[0.286s] Level 1:colcon.colcon_core.package_identification:_identify(ros2_basics) by extension 'python'
[0.286s] Level 1:colcon.colcon_core.package_identification:_identify(ros2_basics) by extensions ['python_setup_py']
[0.286s] Level 1:colcon.colcon_core.package_identification:_identify(ros2_basics) by extension 'python_setup_py'
[0.287s] Level 1:colcon.colcon_core.package_identification:_identify(ros2_basics/cpp_service) by extensions ['ignore', 'ignore_ament_install']
[0.287s] Level 1:colcon.colcon_core.package_identification:_identify(ros2_basics/cpp_service) by extension 'ignore'
[0.287s] Level 1:colcon.colcon_core.package_identification:_identify(ros2_basics/cpp_service) by extension 'ignore_ament_install'
[0.287s] Level 1:colcon.colcon_core.package_identification:_identify(ros2_basics/cpp_service) by extensions ['colcon_pkg']
[0.287s] Level 1:colcon.colcon_core.package_identification:_identify(ros2_basics/cpp_service) by extension 'colcon_pkg'
[0.287s] Level 1:colcon.colcon_core.package_identification:_identify(ros2_basics/cpp_service) by extensions ['colcon_meta']
[0.287s] Level 1:colcon.colcon_core.package_identification:_identify(ros2_basics/cpp_service) by extension 'colcon_meta'
[0.287s] Level 1:colcon.colcon_core.package_identification:_identify(ros2_basics/cpp_service) by extensions ['ros']
[0.287s] Level 1:colcon.colcon_core.package_identification:_identify(ros2_basics/cpp_service) by extension 'ros'
[0.289s] DEBUG:colcon.colcon_core.package_identification:Package 'ros2_basics/cpp_service' with type 'ros.ament_cmake' and name 'cpp_service'
[0.289s] Level 1:colcon.colcon_core.package_identification:_identify(ros2_basics/cpp_topic) by extensions ['ignore', 'ignore_ament_install']
[0.289s] Level 1:colcon.colcon_core.package_identification:_identify(ros2_basics/cpp_topic) by extension 'ignore'
[0.289s] Level 1:colcon.colcon_core.package_identification:_identify(ros2_basics/cpp_topic) by extension 'ignore_ament_install'
[0.289s] Level 1:colcon.colcon_core.package_identification:_identify(ros2_basics/cpp_topic) by extensions ['colcon_pkg']
[0.289s] Level 1:colcon.colcon_core.package_identification:_identify(ros2_basics/cpp_topic) by extension 'colcon_pkg'
[0.289s] Level 1:colcon.colcon_core.package_identification:_identify(ros2_basics/cpp_topic) by extensions ['colcon_meta']
[0.289s] Level 1:colcon.colcon_core.package_identification:_identify(ros2_basics/cpp_topic) by extension 'colcon_meta'
[0.289s] Level 1:colcon.colcon_core.package_identification:_identify(ros2_basics/cpp_topic) by extensions ['ros']
[0.289s] Level 1:colcon.colcon_core.package_identification:_identify(ros2_basics/cpp_topic) by extension 'ros'
[0.290s] DEBUG:colcon.colcon_core.package_identification:Package 'ros2_basics/cpp_topic' with type 'ros.ament_cmake' and name 'cpp_topic'
[0.290s] Level 1:colcon.colcon_core.package_identification:_identify(ros2_basics/custom_interfaces) by extensions ['ignore', 'ignore_ament_install']
[0.290s] Level 1:colcon.colcon_core.package_identification:_identify(ros2_basics/custom_interfaces) by extension 'ignore'
[0.290s] Level 1:colcon.colcon_core.package_identification:_identify(ros2_basics/custom_interfaces) by extension 'ignore_ament_install'
[0.290s] Level 1:colcon.colcon_core.package_identification:_identify(ros2_basics/custom_interfaces) by extensions ['colcon_pkg']
[0.290s] Level 1:colcon.colcon_core.package_identification:_identify(ros2_basics/custom_interfaces) by extension 'colcon_pkg'
[0.290s] Level 1:colcon.colcon_core.package_identification:_identify(ros2_basics/custom_interfaces) by extensions ['colcon_meta']
[0.290s] Level 1:colcon.colcon_core.package_identification:_identify(ros2_basics/custom_interfaces) by extension 'colcon_meta'
[0.290s] Level 1:colcon.colcon_core.package_identification:_identify(ros2_basics/custom_interfaces) by extensions ['ros']
[0.290s] Level 1:colcon.colcon_core.package_identification:_identify(ros2_basics/custom_interfaces) by extension 'ros'
[0.291s] DEBUG:colcon.colcon_core.package_identification:Package 'ros2_basics/custom_interfaces' with type 'ros.ament_cmake' and name 'custom_interfaces'
[0.291s] Level 1:colcon.colcon_core.package_identification:_identify(ros2_basics/launch) by extensions ['ignore', 'ignore_ament_install']
[0.291s] Level 1:colcon.colcon_core.package_identification:_identify(ros2_basics/launch) by extension 'ignore'
[0.291s] Level 1:colcon.colcon_core.package_identification:_identify(ros2_basics/launch) by extension 'ignore_ament_install'
[0.291s] Level 1:colcon.colcon_core.package_identification:_identify(ros2_basics/launch) by extensions ['colcon_pkg']
[0.291s] Level 1:colcon.colcon_core.package_identification:_identify(ros2_basics/launch) by extension 'colcon_pkg'
[0.291s] Level 1:colcon.colcon_core.package_identification:_identify(ros2_basics/launch) by extensions ['colcon_meta']
[0.291s] Level 1:colcon.colcon_core.package_identification:_identify(ros2_basics/launch) by extension 'colcon_meta'
[0.291s] Level 1:colcon.colcon_core.package_identification:_identify(ros2_basics/launch) by extensions ['ros']
[0.291s] Level 1:colcon.colcon_core.package_identification:_identify(ros2_basics/launch) by extension 'ros'
[0.291s] Level 1:colcon.colcon_core.package_identification:_identify(ros2_basics/launch) by extensions ['cmake', 'python']
[0.291s] Level 1:colcon.colcon_core.package_identification:_identify(ros2_basics/launch) by extension 'cmake'
[0.291s] Level 1:colcon.colcon_core.package_identification:_identify(ros2_basics/launch) by extension 'python'
[0.292s] Level 1:colcon.colcon_core.package_identification:_identify(ros2_basics/launch) by extensions ['python_setup_py']
[0.292s] Level 1:colcon.colcon_core.package_identification:_identify(ros2_basics/launch) by extension 'python_setup_py'
[0.292s] Level 1:colcon.colcon_core.package_identification:_identify(ros2_basics/nodejs_ui) by extensions ['ignore', 'ignore_ament_install']
[0.292s] Level 1:colcon.colcon_core.package_identification:_identify(ros2_basics/nodejs_ui) by extension 'ignore'
[0.292s] Level 1:colcon.colcon_core.package_identification:_identify(ros2_basics/nodejs_ui) by extension 'ignore_ament_install'
[0.292s] Level 1:colcon.colcon_core.package_identification:_identify(ros2_basics/nodejs_ui) by extensions ['colcon_pkg']
[0.292s] Level 1:colcon.colcon_core.package_identification:_identify(ros2_basics/nodejs_ui) by extension 'colcon_pkg'
[0.292s] Level 1:colcon.colcon_core.package_identification:_identify(ros2_basics/nodejs_ui) by extensions ['colcon_meta']
[0.292s] Level 1:colcon.colcon_core.package_identification:_identify(ros2_basics/nodejs_ui) by extension 'colcon_meta'
[0.292s] Level 1:colcon.colcon_core.package_identification:_identify(ros2_basics/nodejs_ui) by extensions ['ros']
[0.292s] Level 1:colcon.colcon_core.package_identification:_identify(ros2_basics/nodejs_ui) by extension 'ros'
[0.292s] Level 1:colcon.colcon_core.package_identification:_identify(ros2_basics/nodejs_ui) by extensions ['cmake', 'python']
[0.292s] Level 1:colcon.colcon_core.package_identification:_identify(ros2_basics/nodejs_ui) by extension 'cmake'
[0.292s] Level 1:colcon.colcon_core.package_identification:_identify(ros2_basics/nodejs_ui) by extension 'python'
[0.292s] Level 1:colcon.colcon_core.package_identification:_identify(ros2_basics/nodejs_ui) by extensions ['python_setup_py']
[0.292s] Level 1:colcon.colcon_core.package_identification:_identify(ros2_basics/nodejs_ui) by extension 'python_setup_py'
[0.292s] Level 1:colcon.colcon_core.package_identification:_identify(ros2_basics/py_service) by extensions ['ignore', 'ignore_ament_install']
[0.292s] Level 1:colcon.colcon_core.package_identification:_identify(ros2_basics/py_service) by extension 'ignore'
[0.292s] Level 1:colcon.colcon_core.package_identification:_identify(ros2_basics/py_service) by extension 'ignore_ament_install'
[0.292s] Level 1:colcon.colcon_core.package_identification:_identify(ros2_basics/py_service) by extensions ['colcon_pkg']
[0.292s] Level 1:colcon.colcon_core.package_identification:_identify(ros2_basics/py_service) by extension 'colcon_pkg'
[0.292s] Level 1:colcon.colcon_core.package_identification:_identify(ros2_basics/py_service) by extensions ['colcon_meta']
[0.292s] Level 1:colcon.colcon_core.package_identification:_identify(ros2_basics/py_service) by extension 'colcon_meta'
[0.293s] Level 1:colcon.colcon_core.package_identification:_identify(ros2_basics/py_service) by extensions ['ros']
[0.293s] Level 1:colcon.colcon_core.package_identification:_identify(ros2_basics/py_service) by extension 'ros'
[0.293s] DEBUG:colcon.colcon_core.package_identification:Package 'ros2_basics/py_service' with type 'ros.ament_python' and name 'py_service'
[0.293s] Level 1:colcon.colcon_core.package_identification:_identify(ros2_basics/py_topic) by extensions ['ignore', 'ignore_ament_install']
[0.293s] Level 1:colcon.colcon_core.package_identification:_identify(ros2_basics/py_topic) by extension 'ignore'
[0.293s] Level 1:colcon.colcon_core.package_identification:_identify(ros2_basics/py_topic) by extension 'ignore_ament_install'
[0.293s] Level 1:colcon.colcon_core.package_identification:_identify(ros2_basics/py_topic) by extensions ['colcon_pkg']
[0.293s] Level 1:colcon.colcon_core.package_identification:_identify(ros2_basics/py_topic) by extension 'colcon_pkg'
[0.293s] Level 1:colcon.colcon_core.package_identification:_identify(ros2_basics/py_topic) by extensions ['colcon_meta']
[0.293s] Level 1:colcon.colcon_core.package_identification:_identify(ros2_basics/py_topic) by extension 'colcon_meta'
[0.294s] Level 1:colcon.colcon_core.package_identification:_identify(ros2_basics/py_topic) by extensions ['ros']
[0.294s] Level 1:colcon.colcon_core.package_identification:_identify(ros2_basics/py_topic) by extension 'ros'
[0.294s] DEBUG:colcon.colcon_core.package_identification:Package 'ros2_basics/py_topic' with type 'ros.ament_python' and name 'py_topic'
[0.294s] Level 1:colcon.colcon_core.package_discovery:discover_packages(recursive) using defaults
[0.294s] Level 1:colcon.colcon_core.package_discovery:discover_packages(ignore) discover
[0.294s] Level 1:colcon.colcon_core.package_discovery:discover_packages(ignore) using defaults
[0.294s] Level 1:colcon.colcon_core.package_discovery:discover_packages(path) discover
[0.294s] Level 1:colcon.colcon_core.package_discovery:discover_packages(path) using defaults
[0.309s] INFO:colcon.colcon_core.package_selection:Skipping not selected package 'cpp_service' in 'ros2_basics/cpp_service'
[0.309s] INFO:colcon.colcon_core.package_selection:Skipping not selected package 'custom_interfaces' in 'ros2_basics/custom_interfaces'
[0.309s] INFO:colcon.colcon_core.package_selection:Skipping not selected package 'py_service' in 'ros2_basics/py_service'
[0.309s] INFO:colcon.colcon_core.package_selection:Skipping not selected package 'py_topic' in 'ros2_basics/py_topic'
[0.310s] Level 1:colcon.colcon_core.package_discovery:discover_packages(prefix_path) check parameters
[0.310s] Level 1:colcon.colcon_core.package_discovery:discover_packages(prefix_path) discover
[0.311s] WARNING:colcon.colcon_core.prefix_path.colcon:The path '/home/agigas/devopsrobot/ros_master_foxy/cpp_pubsub/src/install' in the environment variable COLCON_PREFIX_PATH doesn't exist
[0.312s] DEBUG:colcon.colcon_installed_package_information.package_discovery:Found 1 installed packages in /home/agigas/devopsrobot/ros_master_foxy/ros2_basics/cpp_topic/install
[0.314s] DEBUG:colcon.colcon_installed_package_information.package_discovery:Found 333 installed packages in /opt/ros/foxy
[0.316s] Level 1:colcon.colcon_core.package_discovery:discover_packages(prefix_path) using defaults
[0.388s] Level 5:colcon.colcon_core.verb:set package 'cpp_topic' build argument 'cmake_args' from command line to 'None'
[0.388s] Level 5:colcon.colcon_core.verb:set package 'cpp_topic' build argument 'cmake_target' from command line to 'None'
[0.388s] Level 5:colcon.colcon_core.verb:set package 'cpp_topic' build argument 'cmake_target_skip_unavailable' from command line to 'False'
[0.388s] Level 5:colcon.colcon_core.verb:set package 'cpp_topic' build argument 'cmake_clean_cache' from command line to 'False'
[0.388s] Level 5:colcon.colcon_core.verb:set package 'cpp_topic' build argument 'cmake_clean_first' from command line to 'False'
[0.388s] Level 5:colcon.colcon_core.verb:set package 'cpp_topic' build argument 'cmake_force_configure' from command line to 'False'
[0.388s] Level 5:colcon.colcon_core.verb:set package 'cpp_topic' build argument 'ament_cmake_args' from command line to 'None'
[0.388s] Level 5:colcon.colcon_core.verb:set package 'cpp_topic' build argument 'catkin_cmake_args' from command line to 'None'
[0.388s] Level 5:colcon.colcon_core.verb:set package 'cpp_topic' build argument 'catkin_skip_building_tests' from command line to 'False'
[0.388s] DEBUG:colcon.colcon_core.verb:Building package 'cpp_topic' with the following arguments: {'ament_cmake_args': None, 'build_base': '/home/agigas/devopsrobot/ros_master_foxy/build/cpp_topic', 'catkin_cmake_args': None, 'catkin_skip_building_tests': False, 'cmake_args': None, 'cmake_clean_cache': False, 'cmake_clean_first': False, 'cmake_force_configure': False, 'cmake_target': None, 'cmake_target_skip_unavailable': False, 'install_base': '/home/agigas/devopsrobot/ros_master_foxy/install/cpp_topic', 'merge_install': False, 'path': '/home/agigas/devopsrobot/ros_master_foxy/ros2_basics/cpp_topic', 'symlink_install': False, 'test_result_base': None}
[0.389s] INFO:colcon.colcon_core.executor:Executing jobs using 'parallel' executor
[0.392s] DEBUG:colcon.colcon_parallel_executor.executor.parallel:run_until_complete
[0.392s] INFO:colcon.colcon_ros.task.ament_cmake.build:Building ROS package in '/home/agigas/devopsrobot/ros_master_foxy/ros2_basics/cpp_topic' with build type 'ament_cmake'
[0.392s] INFO:colcon.colcon_cmake.task.cmake.build:Building CMake package in '/home/agigas/devopsrobot/ros_master_foxy/ros2_basics/cpp_topic'
[0.395s] INFO:colcon.colcon_core.plugin_system:Skipping extension 'colcon_core.shell.bat': Not used on non-Windows systems
[0.396s] INFO:colcon.colcon_core.shell:Skip shell extension 'powershell' for command environment: Not usable outside of PowerShell
[0.396s] DEBUG:colcon.colcon_core.shell:Skip shell extension 'dsv' for command environment
[0.408s] DEBUG:colcon.colcon_core.event_handler.log_command:Invoking command in '/home/agigas/devopsrobot/ros_master_foxy/build/cpp_topic': CMAKE_PREFIX_PATH=${CMAKE_PREFIX_PATH}:/opt/ros/foxy /usr/bin/cmake /home/agigas/devopsrobot/ros_master_foxy/ros2_basics/cpp_topic -DCMAKE_INSTALL_PREFIX=/home/agigas/devopsrobot/ros_master_foxy/install/cpp_topic
[1.920s] DEBUG:colcon.colcon_core.event_handler.log_command:Invoked command in '/home/agigas/devopsrobot/ros_master_foxy/build/cpp_topic' returned '0': CMAKE_PREFIX_PATH=${CMAKE_PREFIX_PATH}:/opt/ros/foxy /usr/bin/cmake /home/agigas/devopsrobot/ros_master_foxy/ros2_basics/cpp_topic -DCMAKE_INSTALL_PREFIX=/home/agigas/devopsrobot/ros_master_foxy/install/cpp_topic
[1.922s] DEBUG:colcon.colcon_core.event_handler.log_command:Invoking command in '/home/agigas/devopsrobot/ros_master_foxy/build/cpp_topic': CMAKE_PREFIX_PATH=${CMAKE_PREFIX_PATH}:/opt/ros/foxy /usr/bin/cmake --build /home/agigas/devopsrobot/ros_master_foxy/build/cpp_topic -- -j12 -l12
[6.604s] DEBUG:colcon.colcon_core.event_handler.log_command:Invoked command in '/home/agigas/devopsrobot/ros_master_foxy/build/cpp_topic' returned '0': CMAKE_PREFIX_PATH=${CMAKE_PREFIX_PATH}:/opt/ros/foxy /usr/bin/cmake --build /home/agigas/devopsrobot/ros_master_foxy/build/cpp_topic -- -j12 -l12
[6.646s] DEBUG:colcon.colcon_core.event_handler.log_command:Invoking command in '/home/agigas/devopsrobot/ros_master_foxy/build/cpp_topic': CMAKE_PREFIX_PATH=${CMAKE_PREFIX_PATH}:/opt/ros/foxy /usr/bin/cmake --install /home/agigas/devopsrobot/ros_master_foxy/build/cpp_topic
[6.660s] Level 1:colcon.colcon_core.environment:create_environment_scripts_only(cpp_topic)
[6.661s] DEBUG:colcon.colcon_core.event_handler.log_command:Invoked command in '/home/agigas/devopsrobot/ros_master_foxy/build/cpp_topic' returned '0': CMAKE_PREFIX_PATH=${CMAKE_PREFIX_PATH}:/opt/ros/foxy /usr/bin/cmake --install /home/agigas/devopsrobot/ros_master_foxy/build/cpp_topic
[6.665s] Level 1:colcon.colcon_core.environment:checking '/home/agigas/devopsrobot/ros_master_foxy/install/cpp_topic' for CMake module files
[6.665s] Level 1:colcon.colcon_core.environment:checking '/home/agigas/devopsrobot/ros_master_foxy/install/cpp_topic' for CMake config files
[6.665s] Level 1:colcon.colcon_core.shell:create_environment_hook('cpp_topic', 'cmake_prefix_path')
[6.667s] INFO:colcon.colcon_core.shell:Creating environment hook '/home/agigas/devopsrobot/ros_master_foxy/install/cpp_topic/share/cpp_topic/hook/cmake_prefix_path.ps1'
[6.667s] INFO:colcon.colcon_core.shell:Creating environment descriptor '/home/agigas/devopsrobot/ros_master_foxy/install/cpp_topic/share/cpp_topic/hook/cmake_prefix_path.dsv'
[6.668s] INFO:colcon.colcon_core.shell:Creating environment hook '/home/agigas/devopsrobot/ros_master_foxy/install/cpp_topic/share/cpp_topic/hook/cmake_prefix_path.sh'
[6.668s] Level 1:colcon.colcon_core.environment:checking '/home/agigas/devopsrobot/ros_master_foxy/install/cpp_topic/lib'
[6.669s] Level 1:colcon.colcon_core.environment:checking '/home/agigas/devopsrobot/ros_master_foxy/install/cpp_topic/bin'
[6.669s] Level 1:colcon.colcon_core.environment:checking '/home/agigas/devopsrobot/ros_master_foxy/install/cpp_topic/lib/pkgconfig/cpp_topic.pc'
[6.669s] Level 1:colcon.colcon_core.environment:checking '/home/agigas/devopsrobot/ros_master_foxy/install/cpp_topic/lib/python3.8/site-packages'
[6.669s] Level 1:colcon.colcon_core.environment:checking '/home/agigas/devopsrobot/ros_master_foxy/install/cpp_topic/bin'
[6.670s] INFO:colcon.colcon_core.shell:Creating package script '/home/agigas/devopsrobot/ros_master_foxy/install/cpp_topic/share/cpp_topic/package.ps1'
[6.671s] INFO:colcon.colcon_core.shell:Creating package descriptor '/home/agigas/devopsrobot/ros_master_foxy/install/cpp_topic/share/cpp_topic/package.dsv'
[6.671s] INFO:colcon.colcon_core.shell:Creating package script '/home/agigas/devopsrobot/ros_master_foxy/install/cpp_topic/share/cpp_topic/package.sh'
[6.672s] INFO:colcon.colcon_core.shell:Creating package script '/home/agigas/devopsrobot/ros_master_foxy/install/cpp_topic/share/cpp_topic/package.bash'
[6.672s] INFO:colcon.colcon_core.shell:Creating package script '/home/agigas/devopsrobot/ros_master_foxy/install/cpp_topic/share/cpp_topic/package.zsh'
[6.673s] Level 1:colcon.colcon_core.environment:create_file_with_runtime_dependencies(/home/agigas/devopsrobot/ros_master_foxy/install/cpp_topic/share/colcon-core/packages/cpp_topic)
[6.697s] Level 1:colcon.colcon_core.environment:create_environment_scripts_only(cpp_topic)
[6.699s] Level 1:colcon.colcon_core.environment:checking '/home/agigas/devopsrobot/ros_master_foxy/install/cpp_topic' for CMake module files
[6.700s] Level 1:colcon.colcon_core.environment:checking '/home/agigas/devopsrobot/ros_master_foxy/install/cpp_topic' for CMake config files
[6.700s] Level 1:colcon.colcon_core.shell:create_environment_hook('cpp_topic', 'cmake_prefix_path')
[6.701s] INFO:colcon.colcon_core.shell:Creating environment hook '/home/agigas/devopsrobot/ros_master_foxy/install/cpp_topic/share/cpp_topic/hook/cmake_prefix_path.ps1'
[6.701s] INFO:colcon.colcon_core.shell:Creating environment descriptor '/home/agigas/devopsrobot/ros_master_foxy/install/cpp_topic/share/cpp_topic/hook/cmake_prefix_path.dsv'
[6.702s] INFO:colcon.colcon_core.shell:Creating environment hook '/home/agigas/devopsrobot/ros_master_foxy/install/cpp_topic/share/cpp_topic/hook/cmake_prefix_path.sh'
[6.702s] Level 1:colcon.colcon_core.environment:checking '/home/agigas/devopsrobot/ros_master_foxy/install/cpp_topic/lib'
[6.702s] Level 1:colcon.colcon_core.environment:checking '/home/agigas/devopsrobot/ros_master_foxy/install/cpp_topic/bin'
[6.702s] Level 1:colcon.colcon_core.environment:checking '/home/agigas/devopsrobot/ros_master_foxy/install/cpp_topic/lib/pkgconfig/cpp_topic.pc'
[6.702s] Level 1:colcon.colcon_core.environment:checking '/home/agigas/devopsrobot/ros_master_foxy/install/cpp_topic/lib/python3.8/site-packages'
[6.703s] Level 1:colcon.colcon_core.environment:checking '/home/agigas/devopsrobot/ros_master_foxy/install/cpp_topic/bin'
[6.704s] INFO:colcon.colcon_core.shell:Creating package script '/home/agigas/devopsrobot/ros_master_foxy/install/cpp_topic/share/cpp_topic/package.ps1'
[6.704s] INFO:colcon.colcon_core.shell:Creating package descriptor '/home/agigas/devopsrobot/ros_master_foxy/install/cpp_topic/share/cpp_topic/package.dsv'
[6.705s] INFO:colcon.colcon_core.shell:Creating package script '/home/agigas/devopsrobot/ros_master_foxy/install/cpp_topic/share/cpp_topic/package.sh'
[6.705s] INFO:colcon.colcon_core.shell:Creating package script '/home/agigas/devopsrobot/ros_master_foxy/install/cpp_topic/share/cpp_topic/package.bash'
[6.706s] INFO:colcon.colcon_core.shell:Creating package script '/home/agigas/devopsrobot/ros_master_foxy/install/cpp_topic/share/cpp_topic/package.zsh'
[6.706s] Level 1:colcon.colcon_core.environment:create_file_with_runtime_dependencies(/home/agigas/devopsrobot/ros_master_foxy/install/cpp_topic/share/colcon-core/packages/cpp_topic)
[6.706s] DEBUG:colcon.colcon_parallel_executor.executor.parallel:closing loop
[6.706s] DEBUG:colcon.colcon_parallel_executor.executor.parallel:loop closed
[6.706s] DEBUG:colcon.colcon_parallel_executor.executor.parallel:run_until_complete finished with '0'
[6.706s] DEBUG:colcon.colcon_core.event_reactor:joining thread
[6.715s] INFO:colcon.colcon_core.plugin_system:Skipping extension 'colcon_notification.desktop_notification.terminal_notifier': Not used on non-Darwin systems
[6.715s] INFO:colcon.colcon_core.plugin_system:Skipping extension 'colcon_notification.desktop_notification.win32': Not used on non-Windows systems
[6.715s] INFO:colcon.colcon_notification.desktop_notification:Sending desktop notification using 'notify2'
[6.732s] DEBUG:colcon.colcon_core.event_reactor:joined thread
[6.734s] INFO:colcon.colcon_core.shell:Creating prefix script '/home/agigas/devopsrobot/ros_master_foxy/install/local_setup.ps1'
[6.735s] INFO:colcon.colcon_core.shell:Creating prefix util module '/home/agigas/devopsrobot/ros_master_foxy/install/_local_setup_util_ps1.py'
[6.737s] INFO:colcon.colcon_core.shell:Creating prefix chain script '/home/agigas/devopsrobot/ros_master_foxy/install/setup.ps1'
[6.739s] INFO:colcon.colcon_core.shell:Creating prefix script '/home/agigas/devopsrobot/ros_master_foxy/install/local_setup.sh'
[6.739s] INFO:colcon.colcon_core.shell:Creating prefix util module '/home/agigas/devopsrobot/ros_master_foxy/install/_local_setup_util_sh.py'
[6.740s] INFO:colcon.colcon_core.shell:Creating prefix chain script '/home/agigas/devopsrobot/ros_master_foxy/install/setup.sh'
[6.742s] INFO:colcon.colcon_core.shell:Creating prefix script '/home/agigas/devopsrobot/ros_master_foxy/install/local_setup.bash'
[6.744s] INFO:colcon.colcon_core.shell:Creating prefix chain script '/home/agigas/devopsrobot/ros_master_foxy/install/setup.bash'
[6.746s] INFO:colcon.colcon_core.shell:Creating prefix script '/home/agigas/devopsrobot/ros_master_foxy/install/local_setup.zsh'
[6.747s] INFO:colcon.colcon_core.shell:Creating prefix chain script '/home/agigas/devopsrobot/ros_master_foxy/install/setup.zsh'
