[0.246s] DEBUG:colcon:Command line arguments: ['/usr/bin/colcon', 'build', '--symlink-install']
[0.246s] DEBUG:colcon:Parsed command line arguments: Namespace(allow_overriding=[], ament_cmake_args=None, base_paths=['.'], build_base='build', catkin_cmake_args=None, catkin_skip_building_tests=False, cmake_args=None, cmake_clean_cache=False, cmake_clean_first=False, cmake_force_configure=False, cmake_target=None, cmake_target_skip_unavailable=False, continue_on_error=False, event_handlers=None, executor='parallel', ignore_user_meta=False, install_base='install', log_base=None, log_level=None, main=<bound method BuildVerb.main of <colcon_core.verb.build.BuildVerb object at 0x7f3f5d2d00d0>>, merge_install=False, metas=['./colcon.meta'], packages_above=None, packages_above_and_dependencies=None, packages_above_depth=None, packages_end=None, packages_ignore=None, packages_ignore_regex=None, packages_select=None, packages_select_build_failed=False, packages_select_by_dep=None, packages_select_regex=None, packages_select_test_failures=False, packages_skip=None, packages_skip_build_finished=False, packages_skip_by_dep=None, packages_skip_regex=None, packages_skip_test_passed=False, packages_skip_up_to=None, packages_start=None, packages_up_to=None, packages_up_to_regex=None, parallel_workers=12, paths=None, symlink_install=True, test_result_base=None, verb_extension=<colcon_core.verb.build.BuildVerb object at 0x7f3f5d2d00d0>, verb_name='build', verb_parser=<colcon_defaults.argument_parser.defaults.DefaultArgumentsDecorator object at 0x7f3f5d2d0610>)
[0.269s] Level 1:colcon.colcon_core.package_discovery:discover_packages(colcon_meta) check parameters
[0.269s] Level 1:colcon.colcon_core.package_discovery:discover_packages(recursive) check parameters
[0.269s] Level 1:colcon.colcon_core.package_discovery:discover_packages(ignore) check parameters
[0.269s] Level 1:colcon.colcon_core.package_discovery:discover_packages(path) check parameters
[0.269s] Level 1:colcon.colcon_core.package_discovery:discover_packages(colcon_meta) discover
[0.269s] Level 1:colcon.colcon_core.package_discovery:discover_packages(recursive) discover
[0.269s] INFO:colcon.colcon_core.package_discovery:Crawling recursively for packages in '/home/agigas/turtlebot3_ws'
[0.269s] Level 1:colcon.colcon_core.package_identification:_identify(.) by extensions ['ignore', 'ignore_ament_install']
[0.269s] Level 1:colcon.colcon_core.package_identification:_identify(.) by extension 'ignore'
[0.269s] Level 1:colcon.colcon_core.package_identification:_identify(.) by extension 'ignore_ament_install'
[0.269s] Level 1:colcon.colcon_core.package_identification:_identify(.) by extensions ['colcon_pkg']
[0.269s] Level 1:colcon.colcon_core.package_identification:_identify(.) by extension 'colcon_pkg'
[0.269s] Level 1:colcon.colcon_core.package_identification:_identify(.) by extensions ['colcon_meta']
[0.269s] Level 1:colcon.colcon_core.package_identification:_identify(.) by extension 'colcon_meta'
[0.270s] Level 1:colcon.colcon_core.package_identification:_identify(.) by extensions ['ros']
[0.270s] Level 1:colcon.colcon_core.package_identification:_identify(.) by extension 'ros'
[0.285s] Level 1:colcon.colcon_core.package_identification:_identify(.) by extensions ['cmake', 'python']
[0.285s] Level 1:colcon.colcon_core.package_identification:_identify(.) by extension 'cmake'
[0.285s] Level 1:colcon.colcon_core.package_identification:_identify(.) by extension 'python'
[0.285s] Level 1:colcon.colcon_core.package_identification:_identify(.) by extensions ['python_setup_py']
[0.285s] Level 1:colcon.colcon_core.package_identification:_identify(.) by extension 'python_setup_py'
[0.285s] Level 1:colcon.colcon_core.package_identification:_identify(build) by extensions ['ignore', 'ignore_ament_install']
[0.285s] Level 1:colcon.colcon_core.package_identification:_identify(build) by extension 'ignore'
[0.285s] Level 1:colcon.colcon_core.package_identification:_identify(build) ignored
[0.286s] Level 1:colcon.colcon_core.package_identification:_identify(install) by extensions ['ignore', 'ignore_ament_install']
[0.286s] Level 1:colcon.colcon_core.package_identification:_identify(install) by extension 'ignore'
[0.286s] Level 1:colcon.colcon_core.package_identification:_identify(install) ignored
[0.286s] Level 1:colcon.colcon_core.package_identification:_identify(log) by extensions ['ignore', 'ignore_ament_install']
[0.286s] Level 1:colcon.colcon_core.package_identification:_identify(log) by extension 'ignore'
[0.286s] Level 1:colcon.colcon_core.package_identification:_identify(log) ignored
[0.286s] Level 1:colcon.colcon_core.package_identification:_identify(src) by extensions ['ignore', 'ignore_ament_install']
[0.286s] Level 1:colcon.colcon_core.package_identification:_identify(src) by extension 'ignore'
[0.286s] Level 1:colcon.colcon_core.package_identification:_identify(src) by extension 'ignore_ament_install'
[0.286s] Level 1:colcon.colcon_core.package_identification:_identify(src) by extensions ['colcon_pkg']
[0.286s] Level 1:colcon.colcon_core.package_identification:_identify(src) by extension 'colcon_pkg'
[0.286s] Level 1:colcon.colcon_core.package_identification:_identify(src) by extensions ['colcon_meta']
[0.286s] Level 1:colcon.colcon_core.package_identification:_identify(src) by extension 'colcon_meta'
[0.286s] Level 1:colcon.colcon_core.package_identification:_identify(src) by extensions ['ros']
[0.286s] Level 1:colcon.colcon_core.package_identification:_identify(src) by extension 'ros'
[0.286s] Level 1:colcon.colcon_core.package_identification:_identify(src) by extensions ['cmake', 'python']
[0.286s] Level 1:colcon.colcon_core.package_identification:_identify(src) by extension 'cmake'
[0.286s] Level 1:colcon.colcon_core.package_identification:_identify(src) by extension 'python'
[0.286s] Level 1:colcon.colcon_core.package_identification:_identify(src) by extensions ['python_setup_py']
[0.287s] Level 1:colcon.colcon_core.package_identification:_identify(src) by extension 'python_setup_py'
[0.287s] Level 1:colcon.colcon_core.package_identification:_identify(src/turtlebot3_simulations) by extensions ['ignore', 'ignore_ament_install']
[0.287s] Level 1:colcon.colcon_core.package_identification:_identify(src/turtlebot3_simulations) by extension 'ignore'
[0.287s] Level 1:colcon.colcon_core.package_identification:_identify(src/turtlebot3_simulations) by extension 'ignore_ament_install'
[0.287s] Level 1:colcon.colcon_core.package_identification:_identify(src/turtlebot3_simulations) by extensions ['colcon_pkg']
[0.287s] Level 1:colcon.colcon_core.package_identification:_identify(src/turtlebot3_simulations) by extension 'colcon_pkg'
[0.287s] Level 1:colcon.colcon_core.package_identification:_identify(src/turtlebot3_simulations) by extensions ['colcon_meta']
[0.287s] Level 1:colcon.colcon_core.package_identification:_identify(src/turtlebot3_simulations) by extension 'colcon_meta'
[0.287s] Level 1:colcon.colcon_core.package_identification:_identify(src/turtlebot3_simulations) by extensions ['ros']
[0.287s] Level 1:colcon.colcon_core.package_identification:_identify(src/turtlebot3_simulations) by extension 'ros'
[0.287s] Level 1:colcon.colcon_core.package_identification:_identify(src/turtlebot3_simulations) by extensions ['cmake', 'python']
[0.287s] Level 1:colcon.colcon_core.package_identification:_identify(src/turtlebot3_simulations) by extension 'cmake'
[0.287s] Level 1:colcon.colcon_core.package_identification:_identify(src/turtlebot3_simulations) by extension 'python'
[0.287s] Level 1:colcon.colcon_core.package_identification:_identify(src/turtlebot3_simulations) by extensions ['python_setup_py']
[0.287s] Level 1:colcon.colcon_core.package_identification:_identify(src/turtlebot3_simulations) by extension 'python_setup_py'
[0.287s] Level 1:colcon.colcon_core.package_identification:_identify(src/turtlebot3_simulations/turtlebot3_fake_node) by extensions ['ignore', 'ignore_ament_install']
[0.287s] Level 1:colcon.colcon_core.package_identification:_identify(src/turtlebot3_simulations/turtlebot3_fake_node) by extension 'ignore'
[0.287s] Level 1:colcon.colcon_core.package_identification:_identify(src/turtlebot3_simulations/turtlebot3_fake_node) by extension 'ignore_ament_install'
[0.287s] Level 1:colcon.colcon_core.package_identification:_identify(src/turtlebot3_simulations/turtlebot3_fake_node) by extensions ['colcon_pkg']
[0.287s] Level 1:colcon.colcon_core.package_identification:_identify(src/turtlebot3_simulations/turtlebot3_fake_node) by extension 'colcon_pkg'
[0.287s] Level 1:colcon.colcon_core.package_identification:_identify(src/turtlebot3_simulations/turtlebot3_fake_node) by extensions ['colcon_meta']
[0.287s] Level 1:colcon.colcon_core.package_identification:_identify(src/turtlebot3_simulations/turtlebot3_fake_node) by extension 'colcon_meta'
[0.288s] Level 1:colcon.colcon_core.package_identification:_identify(src/turtlebot3_simulations/turtlebot3_fake_node) by extensions ['ros']
[0.288s] Level 1:colcon.colcon_core.package_identification:_identify(src/turtlebot3_simulations/turtlebot3_fake_node) by extension 'ros'
[0.290s] DEBUG:colcon.colcon_core.package_identification:Package 'src/turtlebot3_simulations/turtlebot3_fake_node' with type 'ros.ament_cmake' and name 'turtlebot3_fake_node'
[0.290s] Level 1:colcon.colcon_core.package_identification:_identify(src/turtlebot3_simulations/turtlebot3_gazebo) by extensions ['ignore', 'ignore_ament_install']
[0.291s] Level 1:colcon.colcon_core.package_identification:_identify(src/turtlebot3_simulations/turtlebot3_gazebo) by extension 'ignore'
[0.291s] Level 1:colcon.colcon_core.package_identification:_identify(src/turtlebot3_simulations/turtlebot3_gazebo) by extension 'ignore_ament_install'
[0.291s] Level 1:colcon.colcon_core.package_identification:_identify(src/turtlebot3_simulations/turtlebot3_gazebo) by extensions ['colcon_pkg']
[0.291s] Level 1:colcon.colcon_core.package_identification:_identify(src/turtlebot3_simulations/turtlebot3_gazebo) by extension 'colcon_pkg'
[0.291s] Level 1:colcon.colcon_core.package_identification:_identify(src/turtlebot3_simulations/turtlebot3_gazebo) by extensions ['colcon_meta']
[0.291s] Level 1:colcon.colcon_core.package_identification:_identify(src/turtlebot3_simulations/turtlebot3_gazebo) by extension 'colcon_meta'
[0.291s] Level 1:colcon.colcon_core.package_identification:_identify(src/turtlebot3_simulations/turtlebot3_gazebo) by extensions ['ros']
[0.291s] Level 1:colcon.colcon_core.package_identification:_identify(src/turtlebot3_simulations/turtlebot3_gazebo) by extension 'ros'
[0.292s] DEBUG:colcon.colcon_core.package_identification:Package 'src/turtlebot3_simulations/turtlebot3_gazebo' with type 'ros.ament_cmake' and name 'turtlebot3_gazebo'
[0.292s] Level 1:colcon.colcon_core.package_identification:_identify(src/turtlebot3_simulations/turtlebot3_simulations) by extensions ['ignore', 'ignore_ament_install']
[0.292s] Level 1:colcon.colcon_core.package_identification:_identify(src/turtlebot3_simulations/turtlebot3_simulations) by extension 'ignore'
[0.292s] Level 1:colcon.colcon_core.package_identification:_identify(src/turtlebot3_simulations/turtlebot3_simulations) by extension 'ignore_ament_install'
[0.292s] Level 1:colcon.colcon_core.package_identification:_identify(src/turtlebot3_simulations/turtlebot3_simulations) by extensions ['colcon_pkg']
[0.292s] Level 1:colcon.colcon_core.package_identification:_identify(src/turtlebot3_simulations/turtlebot3_simulations) by extension 'colcon_pkg'
[0.292s] Level 1:colcon.colcon_core.package_identification:_identify(src/turtlebot3_simulations/turtlebot3_simulations) by extensions ['colcon_meta']
[0.292s] Level 1:colcon.colcon_core.package_identification:_identify(src/turtlebot3_simulations/turtlebot3_simulations) by extension 'colcon_meta'
[0.292s] Level 1:colcon.colcon_core.package_identification:_identify(src/turtlebot3_simulations/turtlebot3_simulations) by extensions ['ros']
[0.292s] Level 1:colcon.colcon_core.package_identification:_identify(src/turtlebot3_simulations/turtlebot3_simulations) by extension 'ros'
[0.293s] DEBUG:colcon.colcon_core.package_identification:Package 'src/turtlebot3_simulations/turtlebot3_simulations' with type 'ros.ament_cmake' and name 'turtlebot3_simulations'
[0.293s] Level 1:colcon.colcon_core.package_discovery:discover_packages(recursive) using defaults
[0.293s] Level 1:colcon.colcon_core.package_discovery:discover_packages(ignore) discover
[0.293s] Level 1:colcon.colcon_core.package_discovery:discover_packages(ignore) using defaults
[0.293s] Level 1:colcon.colcon_core.package_discovery:discover_packages(path) discover
[0.293s] Level 1:colcon.colcon_core.package_discovery:discover_packages(path) using defaults
[0.309s] Level 1:colcon.colcon_core.package_discovery:discover_packages(prefix_path) check parameters
[0.309s] Level 1:colcon.colcon_core.package_discovery:discover_packages(prefix_path) discover
[0.312s] DEBUG:colcon.colcon_installed_package_information.package_discovery:Found 332 installed packages in /opt/ros/foxy
[0.314s] Level 1:colcon.colcon_core.package_discovery:discover_packages(prefix_path) using defaults
[0.377s] Level 5:colcon.colcon_core.verb:set package 'turtlebot3_fake_node' build argument 'cmake_args' from command line to 'None'
[0.377s] Level 5:colcon.colcon_core.verb:set package 'turtlebot3_fake_node' build argument 'cmake_target' from command line to 'None'
[0.377s] Level 5:colcon.colcon_core.verb:set package 'turtlebot3_fake_node' build argument 'cmake_target_skip_unavailable' from command line to 'False'
[0.377s] Level 5:colcon.colcon_core.verb:set package 'turtlebot3_fake_node' build argument 'cmake_clean_cache' from command line to 'False'
[0.377s] Level 5:colcon.colcon_core.verb:set package 'turtlebot3_fake_node' build argument 'cmake_clean_first' from command line to 'False'
[0.377s] Level 5:colcon.colcon_core.verb:set package 'turtlebot3_fake_node' build argument 'cmake_force_configure' from command line to 'False'
[0.377s] Level 5:colcon.colcon_core.verb:set package 'turtlebot3_fake_node' build argument 'ament_cmake_args' from command line to 'None'
[0.377s] Level 5:colcon.colcon_core.verb:set package 'turtlebot3_fake_node' build argument 'catkin_cmake_args' from command line to 'None'
[0.377s] Level 5:colcon.colcon_core.verb:set package 'turtlebot3_fake_node' build argument 'catkin_skip_building_tests' from command line to 'False'
[0.377s] DEBUG:colcon.colcon_core.verb:Building package 'turtlebot3_fake_node' with the following arguments: {'ament_cmake_args': None, 'build_base': '/home/agigas/turtlebot3_ws/build/turtlebot3_fake_node', 'catkin_cmake_args': None, 'catkin_skip_building_tests': False, 'cmake_args': None, 'cmake_clean_cache': False, 'cmake_clean_first': False, 'cmake_force_configure': False, 'cmake_target': None, 'cmake_target_skip_unavailable': False, 'install_base': '/home/agigas/turtlebot3_ws/install/turtlebot3_fake_node', 'merge_install': False, 'path': '/home/agigas/turtlebot3_ws/src/turtlebot3_simulations/turtlebot3_fake_node', 'symlink_install': True, 'test_result_base': None}
[0.378s] Level 5:colcon.colcon_core.verb:set package 'turtlebot3_gazebo' build argument 'cmake_args' from command line to 'None'
[0.378s] Level 5:colcon.colcon_core.verb:set package 'turtlebot3_gazebo' build argument 'cmake_target' from command line to 'None'
[0.378s] Level 5:colcon.colcon_core.verb:set package 'turtlebot3_gazebo' build argument 'cmake_target_skip_unavailable' from command line to 'False'
[0.378s] Level 5:colcon.colcon_core.verb:set package 'turtlebot3_gazebo' build argument 'cmake_clean_cache' from command line to 'False'
[0.378s] Level 5:colcon.colcon_core.verb:set package 'turtlebot3_gazebo' build argument 'cmake_clean_first' from command line to 'False'
[0.378s] Level 5:colcon.colcon_core.verb:set package 'turtlebot3_gazebo' build argument 'cmake_force_configure' from command line to 'False'
[0.378s] Level 5:colcon.colcon_core.verb:set package 'turtlebot3_gazebo' build argument 'ament_cmake_args' from command line to 'None'
[0.378s] Level 5:colcon.colcon_core.verb:set package 'turtlebot3_gazebo' build argument 'catkin_cmake_args' from command line to 'None'
[0.378s] Level 5:colcon.colcon_core.verb:set package 'turtlebot3_gazebo' build argument 'catkin_skip_building_tests' from command line to 'False'
[0.378s] DEBUG:colcon.colcon_core.verb:Building package 'turtlebot3_gazebo' with the following arguments: {'ament_cmake_args': None, 'build_base': '/home/agigas/turtlebot3_ws/build/turtlebot3_gazebo', 'catkin_cmake_args': None, 'catkin_skip_building_tests': False, 'cmake_args': None, 'cmake_clean_cache': False, 'cmake_clean_first': False, 'cmake_force_configure': False, 'cmake_target': None, 'cmake_target_skip_unavailable': False, 'install_base': '/home/agigas/turtlebot3_ws/install/turtlebot3_gazebo', 'merge_install': False, 'path': '/home/agigas/turtlebot3_ws/src/turtlebot3_simulations/turtlebot3_gazebo', 'symlink_install': True, 'test_result_base': None}
[0.379s] Level 5:colcon.colcon_core.verb:set package 'turtlebot3_simulations' build argument 'cmake_args' from command line to 'None'
[0.379s] Level 5:colcon.colcon_core.verb:set package 'turtlebot3_simulations' build argument 'cmake_target' from command line to 'None'
[0.379s] Level 5:colcon.colcon_core.verb:set package 'turtlebot3_simulations' build argument 'cmake_target_skip_unavailable' from command line to 'False'
[0.379s] Level 5:colcon.colcon_core.verb:set package 'turtlebot3_simulations' build argument 'cmake_clean_cache' from command line to 'False'
[0.379s] Level 5:colcon.colcon_core.verb:set package 'turtlebot3_simulations' build argument 'cmake_clean_first' from command line to 'False'
[0.379s] Level 5:colcon.colcon_core.verb:set package 'turtlebot3_simulations' build argument 'cmake_force_configure' from command line to 'False'
[0.379s] Level 5:colcon.colcon_core.verb:set package 'turtlebot3_simulations' build argument 'ament_cmake_args' from command line to 'None'
[0.379s] Level 5:colcon.colcon_core.verb:set package 'turtlebot3_simulations' build argument 'catkin_cmake_args' from command line to 'None'
[0.379s] Level 5:colcon.colcon_core.verb:set package 'turtlebot3_simulations' build argument 'catkin_skip_building_tests' from command line to 'False'
[0.379s] DEBUG:colcon.colcon_core.verb:Building package 'turtlebot3_simulations' with the following arguments: {'ament_cmake_args': None, 'build_base': '/home/agigas/turtlebot3_ws/build/turtlebot3_simulations', 'catkin_cmake_args': None, 'catkin_skip_building_tests': False, 'cmake_args': None, 'cmake_clean_cache': False, 'cmake_clean_first': False, 'cmake_force_configure': False, 'cmake_target': None, 'cmake_target_skip_unavailable': False, 'install_base': '/home/agigas/turtlebot3_ws/install/turtlebot3_simulations', 'merge_install': False, 'path': '/home/agigas/turtlebot3_ws/src/turtlebot3_simulations/turtlebot3_simulations', 'symlink_install': True, 'test_result_base': None}
[0.379s] INFO:colcon.colcon_core.executor:Executing jobs using 'parallel' executor
[0.382s] DEBUG:colcon.colcon_parallel_executor.executor.parallel:run_until_complete
[0.382s] INFO:colcon.colcon_ros.task.ament_cmake.build:Building ROS package in '/home/agigas/turtlebot3_ws/src/turtlebot3_simulations/turtlebot3_fake_node' with build type 'ament_cmake'
[0.383s] INFO:colcon.colcon_cmake.task.cmake.build:Building CMake package in '/home/agigas/turtlebot3_ws/src/turtlebot3_simulations/turtlebot3_fake_node'
[0.386s] INFO:colcon.colcon_core.plugin_system:Skipping extension 'colcon_core.shell.bat': Not used on non-Windows systems
[0.386s] INFO:colcon.colcon_core.shell:Skip shell extension 'powershell' for command environment: Not usable outside of PowerShell
[0.386s] DEBUG:colcon.colcon_core.shell:Skip shell extension 'dsv' for command environment
[0.390s] INFO:colcon.colcon_ros.task.ament_cmake.build:Building ROS package in '/home/agigas/turtlebot3_ws/src/turtlebot3_simulations/turtlebot3_gazebo' with build type 'ament_cmake'
[0.390s] INFO:colcon.colcon_cmake.task.cmake.build:Building CMake package in '/home/agigas/turtlebot3_ws/src/turtlebot3_simulations/turtlebot3_gazebo'
[0.392s] INFO:colcon.colcon_core.shell:Skip shell extension 'powershell' for command environment: Not usable outside of PowerShell
[0.392s] DEBUG:colcon.colcon_core.shell:Skip shell extension 'dsv' for command environment
[0.402s] DEBUG:colcon.colcon_core.event_handler.log_command:Invoking command in '/home/agigas/turtlebot3_ws/build/turtlebot3_fake_node': CMAKE_PREFIX_PATH=/opt/ros/foxy /usr/bin/cmake /home/agigas/turtlebot3_ws/src/turtlebot3_simulations/turtlebot3_fake_node -DAMENT_CMAKE_SYMLINK_INSTALL=1 -DCMAKE_INSTALL_PREFIX=/home/agigas/turtlebot3_ws/install/turtlebot3_fake_node
[0.407s] DEBUG:colcon.colcon_core.event_handler.log_command:Invoking command in '/home/agigas/turtlebot3_ws/build/turtlebot3_gazebo': CMAKE_PREFIX_PATH=/opt/ros/foxy /usr/bin/cmake /home/agigas/turtlebot3_ws/src/turtlebot3_simulations/turtlebot3_gazebo -DAMENT_CMAKE_SYMLINK_INSTALL=1 -DCMAKE_INSTALL_PREFIX=/home/agigas/turtlebot3_ws/install/turtlebot3_gazebo
[2.127s] DEBUG:colcon.colcon_core.event_handler.log_command:Invoked command in '/home/agigas/turtlebot3_ws/build/turtlebot3_fake_node' returned '0': CMAKE_PREFIX_PATH=/opt/ros/foxy /usr/bin/cmake /home/agigas/turtlebot3_ws/src/turtlebot3_simulations/turtlebot3_fake_node -DAMENT_CMAKE_SYMLINK_INSTALL=1 -DCMAKE_INSTALL_PREFIX=/home/agigas/turtlebot3_ws/install/turtlebot3_fake_node
[2.127s] DEBUG:colcon.colcon_core.event_handler.log_command:Invoking command in '/home/agigas/turtlebot3_ws/build/turtlebot3_fake_node': CMAKE_PREFIX_PATH=/opt/ros/foxy /usr/bin/cmake --build /home/agigas/turtlebot3_ws/build/turtlebot3_fake_node -- -j12 -l12
[2.805s] DEBUG:colcon.colcon_core.event_handler.log_command:Invoked command in '/home/agigas/turtlebot3_ws/build/turtlebot3_gazebo' returned '0': CMAKE_PREFIX_PATH=/opt/ros/foxy /usr/bin/cmake /home/agigas/turtlebot3_ws/src/turtlebot3_simulations/turtlebot3_gazebo -DAMENT_CMAKE_SYMLINK_INSTALL=1 -DCMAKE_INSTALL_PREFIX=/home/agigas/turtlebot3_ws/install/turtlebot3_gazebo
[2.807s] DEBUG:colcon.colcon_core.event_handler.log_command:Invoking command in '/home/agigas/turtlebot3_ws/build/turtlebot3_gazebo': CMAKE_PREFIX_PATH=/opt/ros/foxy /usr/bin/cmake --build /home/agigas/turtlebot3_ws/build/turtlebot3_gazebo -- -j12 -l12
[8.600s] DEBUG:colcon.colcon_core.event_handler.log_command:Invoked command in '/home/agigas/turtlebot3_ws/build/turtlebot3_fake_node' returned '0': CMAKE_PREFIX_PATH=/opt/ros/foxy /usr/bin/cmake --build /home/agigas/turtlebot3_ws/build/turtlebot3_fake_node -- -j12 -l12
[8.637s] DEBUG:colcon.colcon_core.event_handler.log_command:Invoking command in '/home/agigas/turtlebot3_ws/build/turtlebot3_fake_node': CMAKE_PREFIX_PATH=/opt/ros/foxy /usr/bin/cmake --install /home/agigas/turtlebot3_ws/build/turtlebot3_fake_node
[8.876s] Level 1:colcon.colcon_core.environment:create_environment_scripts_only(turtlebot3_fake_node)
[8.877s] DEBUG:colcon.colcon_core.event_handler.log_command:Invoked command in '/home/agigas/turtlebot3_ws/build/turtlebot3_fake_node' returned '0': CMAKE_PREFIX_PATH=/opt/ros/foxy /usr/bin/cmake --install /home/agigas/turtlebot3_ws/build/turtlebot3_fake_node
[8.885s] Level 1:colcon.colcon_core.environment:checking '/home/agigas/turtlebot3_ws/install/turtlebot3_fake_node' for CMake module files
[8.885s] Level 1:colcon.colcon_core.environment:checking '/home/agigas/turtlebot3_ws/install/turtlebot3_fake_node' for CMake config files
[8.886s] Level 1:colcon.colcon_core.shell:create_environment_hook('turtlebot3_fake_node', 'cmake_prefix_path')
[8.888s] INFO:colcon.colcon_core.shell:Creating environment hook '/home/agigas/turtlebot3_ws/install/turtlebot3_fake_node/share/turtlebot3_fake_node/hook/cmake_prefix_path.ps1'
[8.889s] INFO:colcon.colcon_core.shell:Creating environment descriptor '/home/agigas/turtlebot3_ws/install/turtlebot3_fake_node/share/turtlebot3_fake_node/hook/cmake_prefix_path.dsv'
[8.889s] INFO:colcon.colcon_core.shell:Creating environment hook '/home/agigas/turtlebot3_ws/install/turtlebot3_fake_node/share/turtlebot3_fake_node/hook/cmake_prefix_path.sh'
[8.891s] Level 1:colcon.colcon_core.environment:checking '/home/agigas/turtlebot3_ws/install/turtlebot3_fake_node/lib'
[8.891s] Level 1:colcon.colcon_core.environment:checking '/home/agigas/turtlebot3_ws/install/turtlebot3_fake_node/bin'
[8.891s] Level 1:colcon.colcon_core.environment:checking '/home/agigas/turtlebot3_ws/install/turtlebot3_fake_node/lib/pkgconfig/turtlebot3_fake_node.pc'
[8.892s] Level 1:colcon.colcon_core.environment:checking '/home/agigas/turtlebot3_ws/install/turtlebot3_fake_node/lib/python3.8/site-packages'
[8.892s] Level 1:colcon.colcon_core.environment:checking '/home/agigas/turtlebot3_ws/install/turtlebot3_fake_node/bin'
[8.894s] INFO:colcon.colcon_core.shell:Creating package script '/home/agigas/turtlebot3_ws/install/turtlebot3_fake_node/share/turtlebot3_fake_node/package.ps1'
[8.895s] INFO:colcon.colcon_core.shell:Creating package descriptor '/home/agigas/turtlebot3_ws/install/turtlebot3_fake_node/share/turtlebot3_fake_node/package.dsv'
[8.896s] INFO:colcon.colcon_core.shell:Creating package script '/home/agigas/turtlebot3_ws/install/turtlebot3_fake_node/share/turtlebot3_fake_node/package.sh'
[8.897s] INFO:colcon.colcon_core.shell:Creating package script '/home/agigas/turtlebot3_ws/install/turtlebot3_fake_node/share/turtlebot3_fake_node/package.bash'
[8.898s] INFO:colcon.colcon_core.shell:Creating package script '/home/agigas/turtlebot3_ws/install/turtlebot3_fake_node/share/turtlebot3_fake_node/package.zsh'
[8.899s] Level 1:colcon.colcon_core.environment:create_file_with_runtime_dependencies(/home/agigas/turtlebot3_ws/install/turtlebot3_fake_node/share/colcon-core/packages/turtlebot3_fake_node)
[8.924s] Level 1:colcon.colcon_core.environment:create_environment_scripts_only(turtlebot3_fake_node)
[8.927s] Level 1:colcon.colcon_core.environment:checking '/home/agigas/turtlebot3_ws/install/turtlebot3_fake_node' for CMake module files
[8.928s] Level 1:colcon.colcon_core.environment:checking '/home/agigas/turtlebot3_ws/install/turtlebot3_fake_node' for CMake config files
[8.928s] Level 1:colcon.colcon_core.shell:create_environment_hook('turtlebot3_fake_node', 'cmake_prefix_path')
[8.931s] INFO:colcon.colcon_core.shell:Creating environment hook '/home/agigas/turtlebot3_ws/install/turtlebot3_fake_node/share/turtlebot3_fake_node/hook/cmake_prefix_path.ps1'
[8.931s] INFO:colcon.colcon_core.shell:Creating environment descriptor '/home/agigas/turtlebot3_ws/install/turtlebot3_fake_node/share/turtlebot3_fake_node/hook/cmake_prefix_path.dsv'
[8.932s] INFO:colcon.colcon_core.shell:Creating environment hook '/home/agigas/turtlebot3_ws/install/turtlebot3_fake_node/share/turtlebot3_fake_node/hook/cmake_prefix_path.sh'
[8.932s] Level 1:colcon.colcon_core.environment:checking '/home/agigas/turtlebot3_ws/install/turtlebot3_fake_node/lib'
[8.932s] Level 1:colcon.colcon_core.environment:checking '/home/agigas/turtlebot3_ws/install/turtlebot3_fake_node/bin'
[8.933s] Level 1:colcon.colcon_core.environment:checking '/home/agigas/turtlebot3_ws/install/turtlebot3_fake_node/lib/pkgconfig/turtlebot3_fake_node.pc'
[8.933s] Level 1:colcon.colcon_core.environment:checking '/home/agigas/turtlebot3_ws/install/turtlebot3_fake_node/lib/python3.8/site-packages'
[8.933s] Level 1:colcon.colcon_core.environment:checking '/home/agigas/turtlebot3_ws/install/turtlebot3_fake_node/bin'
[8.935s] INFO:colcon.colcon_core.shell:Creating package script '/home/agigas/turtlebot3_ws/install/turtlebot3_fake_node/share/turtlebot3_fake_node/package.ps1'
[8.936s] INFO:colcon.colcon_core.shell:Creating package descriptor '/home/agigas/turtlebot3_ws/install/turtlebot3_fake_node/share/turtlebot3_fake_node/package.dsv'
[8.937s] INFO:colcon.colcon_core.shell:Creating package script '/home/agigas/turtlebot3_ws/install/turtlebot3_fake_node/share/turtlebot3_fake_node/package.sh'
[8.937s] INFO:colcon.colcon_core.shell:Creating package script '/home/agigas/turtlebot3_ws/install/turtlebot3_fake_node/share/turtlebot3_fake_node/package.bash'
[8.938s] INFO:colcon.colcon_core.shell:Creating package script '/home/agigas/turtlebot3_ws/install/turtlebot3_fake_node/share/turtlebot3_fake_node/package.zsh'
[8.938s] Level 1:colcon.colcon_core.environment:create_file_with_runtime_dependencies(/home/agigas/turtlebot3_ws/install/turtlebot3_fake_node/share/colcon-core/packages/turtlebot3_fake_node)
[11.853s] DEBUG:colcon.colcon_core.event_handler.log_command:Invoked command in '/home/agigas/turtlebot3_ws/build/turtlebot3_gazebo' returned '0': CMAKE_PREFIX_PATH=/opt/ros/foxy /usr/bin/cmake --build /home/agigas/turtlebot3_ws/build/turtlebot3_gazebo -- -j12 -l12
[11.884s] DEBUG:colcon.colcon_core.event_handler.log_command:Invoking command in '/home/agigas/turtlebot3_ws/build/turtlebot3_gazebo': CMAKE_PREFIX_PATH=/opt/ros/foxy /usr/bin/cmake --install /home/agigas/turtlebot3_ws/build/turtlebot3_gazebo
[12.943s] Level 1:colcon.colcon_core.environment:create_environment_scripts_only(turtlebot3_gazebo)
[12.945s] Level 1:colcon.colcon_core.environment:checking '/home/agigas/turtlebot3_ws/install/turtlebot3_gazebo' for CMake module files
[12.946s] DEBUG:colcon.colcon_core.event_handler.log_command:Invoked command in '/home/agigas/turtlebot3_ws/build/turtlebot3_gazebo' returned '0': CMAKE_PREFIX_PATH=/opt/ros/foxy /usr/bin/cmake --install /home/agigas/turtlebot3_ws/build/turtlebot3_gazebo
[12.946s] Level 1:colcon.colcon_core.environment:checking '/home/agigas/turtlebot3_ws/install/turtlebot3_gazebo' for CMake config files
[12.947s] Level 1:colcon.colcon_core.shell:create_environment_hook('turtlebot3_gazebo', 'cmake_prefix_path')
[12.948s] INFO:colcon.colcon_core.shell:Creating environment hook '/home/agigas/turtlebot3_ws/install/turtlebot3_gazebo/share/turtlebot3_gazebo/hook/cmake_prefix_path.ps1'
[12.948s] INFO:colcon.colcon_core.shell:Creating environment descriptor '/home/agigas/turtlebot3_ws/install/turtlebot3_gazebo/share/turtlebot3_gazebo/hook/cmake_prefix_path.dsv'
[12.948s] INFO:colcon.colcon_core.shell:Creating environment hook '/home/agigas/turtlebot3_ws/install/turtlebot3_gazebo/share/turtlebot3_gazebo/hook/cmake_prefix_path.sh'
[12.949s] Level 1:colcon.colcon_core.environment:checking '/home/agigas/turtlebot3_ws/install/turtlebot3_gazebo/lib'
[12.949s] Level 1:colcon.colcon_core.environment:checking '/home/agigas/turtlebot3_ws/install/turtlebot3_gazebo/bin'
[12.949s] Level 1:colcon.colcon_core.environment:checking '/home/agigas/turtlebot3_ws/install/turtlebot3_gazebo/lib/pkgconfig/turtlebot3_gazebo.pc'
[12.949s] Level 1:colcon.colcon_core.environment:checking '/home/agigas/turtlebot3_ws/install/turtlebot3_gazebo/lib/python3.8/site-packages'
[12.949s] Level 1:colcon.colcon_core.environment:checking '/home/agigas/turtlebot3_ws/install/turtlebot3_gazebo/bin'
[12.950s] INFO:colcon.colcon_core.shell:Creating package script '/home/agigas/turtlebot3_ws/install/turtlebot3_gazebo/share/turtlebot3_gazebo/package.ps1'
[12.951s] INFO:colcon.colcon_core.shell:Creating package descriptor '/home/agigas/turtlebot3_ws/install/turtlebot3_gazebo/share/turtlebot3_gazebo/package.dsv'
[12.951s] INFO:colcon.colcon_core.shell:Creating package script '/home/agigas/turtlebot3_ws/install/turtlebot3_gazebo/share/turtlebot3_gazebo/package.sh'
[12.951s] INFO:colcon.colcon_core.shell:Creating package script '/home/agigas/turtlebot3_ws/install/turtlebot3_gazebo/share/turtlebot3_gazebo/package.bash'
[12.951s] INFO:colcon.colcon_core.shell:Creating package script '/home/agigas/turtlebot3_ws/install/turtlebot3_gazebo/share/turtlebot3_gazebo/package.zsh'
[12.952s] Level 1:colcon.colcon_core.environment:create_file_with_runtime_dependencies(/home/agigas/turtlebot3_ws/install/turtlebot3_gazebo/share/colcon-core/packages/turtlebot3_gazebo)
[12.980s] Level 1:colcon.colcon_core.environment:create_environment_scripts_only(turtlebot3_gazebo)
[12.982s] Level 1:colcon.colcon_core.environment:checking '/home/agigas/turtlebot3_ws/install/turtlebot3_gazebo' for CMake module files
[12.983s] Level 1:colcon.colcon_core.environment:checking '/home/agigas/turtlebot3_ws/install/turtlebot3_gazebo' for CMake config files
[12.983s] Level 1:colcon.colcon_core.shell:create_environment_hook('turtlebot3_gazebo', 'cmake_prefix_path')
[12.984s] INFO:colcon.colcon_core.shell:Creating environment hook '/home/agigas/turtlebot3_ws/install/turtlebot3_gazebo/share/turtlebot3_gazebo/hook/cmake_prefix_path.ps1'
[12.985s] INFO:colcon.colcon_core.shell:Creating environment descriptor '/home/agigas/turtlebot3_ws/install/turtlebot3_gazebo/share/turtlebot3_gazebo/hook/cmake_prefix_path.dsv'
[12.985s] INFO:colcon.colcon_core.shell:Creating environment hook '/home/agigas/turtlebot3_ws/install/turtlebot3_gazebo/share/turtlebot3_gazebo/hook/cmake_prefix_path.sh'
[12.986s] Level 1:colcon.colcon_core.environment:checking '/home/agigas/turtlebot3_ws/install/turtlebot3_gazebo/lib'
[12.986s] Level 1:colcon.colcon_core.environment:checking '/home/agigas/turtlebot3_ws/install/turtlebot3_gazebo/bin'
[12.986s] Level 1:colcon.colcon_core.environment:checking '/home/agigas/turtlebot3_ws/install/turtlebot3_gazebo/lib/pkgconfig/turtlebot3_gazebo.pc'
[12.986s] Level 1:colcon.colcon_core.environment:checking '/home/agigas/turtlebot3_ws/install/turtlebot3_gazebo/lib/python3.8/site-packages'
[12.986s] Level 1:colcon.colcon_core.environment:checking '/home/agigas/turtlebot3_ws/install/turtlebot3_gazebo/bin'
[12.987s] INFO:colcon.colcon_core.shell:Creating package script '/home/agigas/turtlebot3_ws/install/turtlebot3_gazebo/share/turtlebot3_gazebo/package.ps1'
[12.988s] INFO:colcon.colcon_core.shell:Creating package descriptor '/home/agigas/turtlebot3_ws/install/turtlebot3_gazebo/share/turtlebot3_gazebo/package.dsv'
[12.988s] INFO:colcon.colcon_core.shell:Creating package script '/home/agigas/turtlebot3_ws/install/turtlebot3_gazebo/share/turtlebot3_gazebo/package.sh'
[12.989s] INFO:colcon.colcon_core.shell:Creating package script '/home/agigas/turtlebot3_ws/install/turtlebot3_gazebo/share/turtlebot3_gazebo/package.bash'
[12.989s] INFO:colcon.colcon_core.shell:Creating package script '/home/agigas/turtlebot3_ws/install/turtlebot3_gazebo/share/turtlebot3_gazebo/package.zsh'
[12.989s] Level 1:colcon.colcon_core.environment:create_file_with_runtime_dependencies(/home/agigas/turtlebot3_ws/install/turtlebot3_gazebo/share/colcon-core/packages/turtlebot3_gazebo)
[12.990s] INFO:colcon.colcon_ros.task.ament_cmake.build:Building ROS package in '/home/agigas/turtlebot3_ws/src/turtlebot3_simulations/turtlebot3_simulations' with build type 'ament_cmake'
[12.990s] INFO:colcon.colcon_cmake.task.cmake.build:Building CMake package in '/home/agigas/turtlebot3_ws/src/turtlebot3_simulations/turtlebot3_simulations'
[12.991s] INFO:colcon.colcon_core.shell:Skip shell extension 'powershell' for command environment: Not usable outside of PowerShell
[12.991s] DEBUG:colcon.colcon_core.shell:Skip shell extension 'dsv' for command environment
[13.002s] DEBUG:colcon.colcon_core.event_handler.log_command:Invoking command in '/home/agigas/turtlebot3_ws/build/turtlebot3_simulations': AMENT_PREFIX_PATH=/home/agigas/turtlebot3_ws/install/turtlebot3_gazebo:/home/agigas/turtlebot3_ws/install/turtlebot3_fake_node:${AMENT_PREFIX_PATH} CMAKE_PREFIX_PATH=/home/agigas/turtlebot3_ws/install/turtlebot3_gazebo:/home/agigas/turtlebot3_ws/install/turtlebot3_fake_node:/opt/ros/foxy /usr/bin/cmake /home/agigas/turtlebot3_ws/src/turtlebot3_simulations/turtlebot3_simulations -DAMENT_CMAKE_SYMLINK_INSTALL=1 -DCMAKE_INSTALL_PREFIX=/home/agigas/turtlebot3_ws/install/turtlebot3_simulations
[13.666s] DEBUG:colcon.colcon_core.event_handler.log_command:Invoked command in '/home/agigas/turtlebot3_ws/build/turtlebot3_simulations' returned '0': AMENT_PREFIX_PATH=/home/agigas/turtlebot3_ws/install/turtlebot3_gazebo:/home/agigas/turtlebot3_ws/install/turtlebot3_fake_node:${AMENT_PREFIX_PATH} CMAKE_PREFIX_PATH=/home/agigas/turtlebot3_ws/install/turtlebot3_gazebo:/home/agigas/turtlebot3_ws/install/turtlebot3_fake_node:/opt/ros/foxy /usr/bin/cmake /home/agigas/turtlebot3_ws/src/turtlebot3_simulations/turtlebot3_simulations -DAMENT_CMAKE_SYMLINK_INSTALL=1 -DCMAKE_INSTALL_PREFIX=/home/agigas/turtlebot3_ws/install/turtlebot3_simulations
[13.667s] DEBUG:colcon.colcon_core.event_handler.log_command:Invoking command in '/home/agigas/turtlebot3_ws/build/turtlebot3_simulations': AMENT_PREFIX_PATH=/home/agigas/turtlebot3_ws/install/turtlebot3_gazebo:/home/agigas/turtlebot3_ws/install/turtlebot3_fake_node:${AMENT_PREFIX_PATH} CMAKE_PREFIX_PATH=/home/agigas/turtlebot3_ws/install/turtlebot3_gazebo:/home/agigas/turtlebot3_ws/install/turtlebot3_fake_node:/opt/ros/foxy /usr/bin/cmake --build /home/agigas/turtlebot3_ws/build/turtlebot3_simulations -- -j12 -l12
[13.701s] DEBUG:colcon.colcon_core.event_handler.log_command:Invoked command in '/home/agigas/turtlebot3_ws/build/turtlebot3_simulations' returned '0': AMENT_PREFIX_PATH=/home/agigas/turtlebot3_ws/install/turtlebot3_gazebo:/home/agigas/turtlebot3_ws/install/turtlebot3_fake_node:${AMENT_PREFIX_PATH} CMAKE_PREFIX_PATH=/home/agigas/turtlebot3_ws/install/turtlebot3_gazebo:/home/agigas/turtlebot3_ws/install/turtlebot3_fake_node:/opt/ros/foxy /usr/bin/cmake --build /home/agigas/turtlebot3_ws/build/turtlebot3_simulations -- -j12 -l12
[13.719s] DEBUG:colcon.colcon_core.event_handler.log_command:Invoking command in '/home/agigas/turtlebot3_ws/build/turtlebot3_simulations': AMENT_PREFIX_PATH=/home/agigas/turtlebot3_ws/install/turtlebot3_gazebo:/home/agigas/turtlebot3_ws/install/turtlebot3_fake_node:${AMENT_PREFIX_PATH} CMAKE_PREFIX_PATH=/home/agigas/turtlebot3_ws/install/turtlebot3_gazebo:/home/agigas/turtlebot3_ws/install/turtlebot3_fake_node:/opt/ros/foxy /usr/bin/cmake --install /home/agigas/turtlebot3_ws/build/turtlebot3_simulations
[13.849s] Level 1:colcon.colcon_core.environment:create_environment_scripts_only(turtlebot3_simulations)
[13.851s] Level 1:colcon.colcon_core.environment:checking '/home/agigas/turtlebot3_ws/install/turtlebot3_simulations' for CMake module files
[13.852s] DEBUG:colcon.colcon_core.event_handler.log_command:Invoked command in '/home/agigas/turtlebot3_ws/build/turtlebot3_simulations' returned '0': AMENT_PREFIX_PATH=/home/agigas/turtlebot3_ws/install/turtlebot3_gazebo:/home/agigas/turtlebot3_ws/install/turtlebot3_fake_node:${AMENT_PREFIX_PATH} CMAKE_PREFIX_PATH=/home/agigas/turtlebot3_ws/install/turtlebot3_gazebo:/home/agigas/turtlebot3_ws/install/turtlebot3_fake_node:/opt/ros/foxy /usr/bin/cmake --install /home/agigas/turtlebot3_ws/build/turtlebot3_simulations
[13.852s] Level 1:colcon.colcon_core.environment:checking '/home/agigas/turtlebot3_ws/install/turtlebot3_simulations' for CMake config files
[13.852s] Level 1:colcon.colcon_core.shell:create_environment_hook('turtlebot3_simulations', 'cmake_prefix_path')
[13.853s] INFO:colcon.colcon_core.shell:Creating environment hook '/home/agigas/turtlebot3_ws/install/turtlebot3_simulations/share/turtlebot3_simulations/hook/cmake_prefix_path.ps1'
[13.854s] INFO:colcon.colcon_core.shell:Creating environment descriptor '/home/agigas/turtlebot3_ws/install/turtlebot3_simulations/share/turtlebot3_simulations/hook/cmake_prefix_path.dsv'
[13.854s] INFO:colcon.colcon_core.shell:Creating environment hook '/home/agigas/turtlebot3_ws/install/turtlebot3_simulations/share/turtlebot3_simulations/hook/cmake_prefix_path.sh'
[13.855s] Level 1:colcon.colcon_core.environment:checking '/home/agigas/turtlebot3_ws/install/turtlebot3_simulations/bin'
[13.855s] Level 1:colcon.colcon_core.environment:checking '/home/agigas/turtlebot3_ws/install/turtlebot3_simulations/lib/pkgconfig/turtlebot3_simulations.pc'
[13.855s] Level 1:colcon.colcon_core.environment:checking '/home/agigas/turtlebot3_ws/install/turtlebot3_simulations/lib/python3.8/site-packages'
[13.855s] Level 1:colcon.colcon_core.environment:checking '/home/agigas/turtlebot3_ws/install/turtlebot3_simulations/bin'
[13.856s] INFO:colcon.colcon_core.shell:Creating package script '/home/agigas/turtlebot3_ws/install/turtlebot3_simulations/share/turtlebot3_simulations/package.ps1'
[13.857s] INFO:colcon.colcon_core.shell:Creating package descriptor '/home/agigas/turtlebot3_ws/install/turtlebot3_simulations/share/turtlebot3_simulations/package.dsv'
[13.857s] INFO:colcon.colcon_core.shell:Creating package script '/home/agigas/turtlebot3_ws/install/turtlebot3_simulations/share/turtlebot3_simulations/package.sh'
[13.857s] INFO:colcon.colcon_core.shell:Creating package script '/home/agigas/turtlebot3_ws/install/turtlebot3_simulations/share/turtlebot3_simulations/package.bash'
[13.857s] INFO:colcon.colcon_core.shell:Creating package script '/home/agigas/turtlebot3_ws/install/turtlebot3_simulations/share/turtlebot3_simulations/package.zsh'
[13.858s] Level 1:colcon.colcon_core.environment:create_file_with_runtime_dependencies(/home/agigas/turtlebot3_ws/install/turtlebot3_simulations/share/colcon-core/packages/turtlebot3_simulations)
[13.878s] Level 1:colcon.colcon_core.environment:create_environment_scripts_only(turtlebot3_simulations)
[13.880s] Level 1:colcon.colcon_core.environment:checking '/home/agigas/turtlebot3_ws/install/turtlebot3_simulations' for CMake module files
[13.880s] Level 1:colcon.colcon_core.environment:checking '/home/agigas/turtlebot3_ws/install/turtlebot3_simulations' for CMake config files
[13.880s] Level 1:colcon.colcon_core.shell:create_environment_hook('turtlebot3_simulations', 'cmake_prefix_path')
[13.882s] INFO:colcon.colcon_core.shell:Creating environment hook '/home/agigas/turtlebot3_ws/install/turtlebot3_simulations/share/turtlebot3_simulations/hook/cmake_prefix_path.ps1'
[13.882s] INFO:colcon.colcon_core.shell:Creating environment descriptor '/home/agigas/turtlebot3_ws/install/turtlebot3_simulations/share/turtlebot3_simulations/hook/cmake_prefix_path.dsv'
[13.882s] INFO:colcon.colcon_core.shell:Creating environment hook '/home/agigas/turtlebot3_ws/install/turtlebot3_simulations/share/turtlebot3_simulations/hook/cmake_prefix_path.sh'
[13.883s] Level 1:colcon.colcon_core.environment:checking '/home/agigas/turtlebot3_ws/install/turtlebot3_simulations/bin'
[13.883s] Level 1:colcon.colcon_core.environment:checking '/home/agigas/turtlebot3_ws/install/turtlebot3_simulations/lib/pkgconfig/turtlebot3_simulations.pc'
[13.883s] Level 1:colcon.colcon_core.environment:checking '/home/agigas/turtlebot3_ws/install/turtlebot3_simulations/lib/python3.8/site-packages'
[13.883s] Level 1:colcon.colcon_core.environment:checking '/home/agigas/turtlebot3_ws/install/turtlebot3_simulations/bin'
[13.884s] INFO:colcon.colcon_core.shell:Creating package script '/home/agigas/turtlebot3_ws/install/turtlebot3_simulations/share/turtlebot3_simulations/package.ps1'
[13.885s] INFO:colcon.colcon_core.shell:Creating package descriptor '/home/agigas/turtlebot3_ws/install/turtlebot3_simulations/share/turtlebot3_simulations/package.dsv'
[13.885s] INFO:colcon.colcon_core.shell:Creating package script '/home/agigas/turtlebot3_ws/install/turtlebot3_simulations/share/turtlebot3_simulations/package.sh'
[13.885s] INFO:colcon.colcon_core.shell:Creating package script '/home/agigas/turtlebot3_ws/install/turtlebot3_simulations/share/turtlebot3_simulations/package.bash'
[13.886s] INFO:colcon.colcon_core.shell:Creating package script '/home/agigas/turtlebot3_ws/install/turtlebot3_simulations/share/turtlebot3_simulations/package.zsh'
[13.886s] Level 1:colcon.colcon_core.environment:create_file_with_runtime_dependencies(/home/agigas/turtlebot3_ws/install/turtlebot3_simulations/share/colcon-core/packages/turtlebot3_simulations)
[13.886s] DEBUG:colcon.colcon_parallel_executor.executor.parallel:closing loop
[13.887s] DEBUG:colcon.colcon_parallel_executor.executor.parallel:loop closed
[13.887s] DEBUG:colcon.colcon_parallel_executor.executor.parallel:run_until_complete finished with '0'
[13.887s] DEBUG:colcon.colcon_core.event_reactor:joining thread
[13.893s] INFO:colcon.colcon_core.plugin_system:Skipping extension 'colcon_notification.desktop_notification.terminal_notifier': Not used on non-Darwin systems
[13.893s] INFO:colcon.colcon_core.plugin_system:Skipping extension 'colcon_notification.desktop_notification.win32': Not used on non-Windows systems
[13.893s] INFO:colcon.colcon_notification.desktop_notification:Sending desktop notification using 'notify2'
[13.913s] DEBUG:colcon.colcon_core.event_reactor:joined thread
[13.914s] INFO:colcon.colcon_core.shell:Creating prefix script '/home/agigas/turtlebot3_ws/install/local_setup.ps1'
[13.915s] INFO:colcon.colcon_core.shell:Creating prefix util module '/home/agigas/turtlebot3_ws/install/_local_setup_util_ps1.py'
[13.916s] INFO:colcon.colcon_core.shell:Creating prefix chain script '/home/agigas/turtlebot3_ws/install/setup.ps1'
[13.917s] INFO:colcon.colcon_core.shell:Creating prefix script '/home/agigas/turtlebot3_ws/install/local_setup.sh'
[13.917s] INFO:colcon.colcon_core.shell:Creating prefix util module '/home/agigas/turtlebot3_ws/install/_local_setup_util_sh.py'
[13.918s] INFO:colcon.colcon_core.shell:Creating prefix chain script '/home/agigas/turtlebot3_ws/install/setup.sh'
[13.919s] INFO:colcon.colcon_core.shell:Creating prefix script '/home/agigas/turtlebot3_ws/install/local_setup.bash'
[13.920s] INFO:colcon.colcon_core.shell:Creating prefix chain script '/home/agigas/turtlebot3_ws/install/setup.bash'
[13.921s] INFO:colcon.colcon_core.shell:Creating prefix script '/home/agigas/turtlebot3_ws/install/local_setup.zsh'
[13.921s] INFO:colcon.colcon_core.shell:Creating prefix chain script '/home/agigas/turtlebot3_ws/install/setup.zsh'
