[0.019s] Invoking command in '/home/agigas/turtlebot3_ws/build/turtlebot3_fake_node': CMAKE_PREFIX_PATH=/opt/ros/foxy /usr/bin/cmake /home/agigas/turtlebot3_ws/src/turtlebot3_simulations/turtlebot3_fake_node -DAMENT_CMAKE_SYMLINK_INSTALL=1 -DCMAKE_INSTALL_PREFIX=/home/agigas/turtlebot3_ws/install/turtlebot3_fake_node
[0.096s] -- The C compiler identification is GNU 9.4.0
[0.142s] -- The CXX compiler identification is GNU 9.4.0
[0.146s] -- Check for working C compiler: /usr/bin/cc
[0.202s] -- Check for working C compiler: /usr/bin/cc -- works
[0.203s] -- Detecting C compiler ABI info
[0.261s] -- Detecting C compiler ABI info - done
[0.270s] -- Detecting C compile features
[0.271s] -- Detecting C compile features - done
[0.273s] -- Check for working CXX compiler: /usr/bin/c++
[0.340s] -- Check for working CXX compiler: /usr/bin/c++ -- works
[0.341s] -- Detecting CXX compiler ABI info
[0.408s] -- Detecting CXX compiler ABI info - done
[0.418s] -- Detecting CXX compile features
[0.418s] -- Detecting CXX compile features - done
[0.420s] -- Found ament_cmake: 0.9.11 (/opt/ros/foxy/share/ament_cmake/cmake)
[0.440s] -- Found PythonInterp: /usr/bin/python3 (found suitable version "3.8.10", minimum required is "3") 
[0.440s] -- Using PYTHON_EXECUTABLE: /usr/bin/python3
[0.582s] -- Override CMake install command with custom implementation using symlinks instead of copying resources
[0.603s] -- Found geometry_msgs: 2.0.5 (/opt/ros/foxy/share/geometry_msgs/cmake)
[0.631s] -- Using all available rosidl_typesupport_c: rosidl_typesupport_fastrtps_c;rosidl_typesupport_introspection_c
[0.637s] -- Found rosidl_adapter: 1.3.0 (/opt/ros/foxy/share/rosidl_adapter/cmake)
[0.706s] -- Found OpenSSL: /usr/lib/x86_64-linux-gnu/libcrypto.so (found version "1.1.1f")  
[0.732s] -- Found FastRTPS: /opt/ros/foxy/include  
[0.800s] -- Using all available rosidl_typesupport_cpp: rosidl_typesupport_fastrtps_cpp;rosidl_typesupport_introspection_cpp
[0.877s] -- Found nav_msgs: 2.0.5 (/opt/ros/foxy/share/nav_msgs/cmake)
[0.942s] -- Found rclcpp: 2.4.2 (/opt/ros/foxy/share/rclcpp/cmake)
[0.982s] -- Found rmw_implementation_cmake: 1.0.3 (/opt/ros/foxy/share/rmw_implementation_cmake/cmake)
[0.983s] -- Using RMW implementation 'rmw_fastrtps_cpp' as default
[0.984s] -- Looking for pthread.h
[1.046s] -- Looking for pthread.h - found
[1.046s] -- Performing Test CMAKE_HAVE_LIBC_PTHREAD
[1.111s] -- Performing Test CMAKE_HAVE_LIBC_PTHREAD - Failed
[1.111s] -- Looking for pthread_create in pthreads
[1.161s] -- Looking for pthread_create in pthreads - not found
[1.161s] -- Looking for pthread_create in pthread
[1.220s] -- Looking for pthread_create in pthread - found
[1.221s] -- Found Threads: TRUE  
[1.343s] -- Found sensor_msgs: 2.0.5 (/opt/ros/foxy/share/sensor_msgs/cmake)
[1.407s] -- Found tf2: 0.13.13 (/opt/ros/foxy/share/tf2/cmake)
[1.417s] -- Found tf2_msgs: 0.13.13 (/opt/ros/foxy/share/tf2_msgs/cmake)
[1.585s] -- Found turtlebot3_msgs: 2.2.1 (/opt/ros/foxy/share/turtlebot3_msgs/cmake)
[1.723s] -- Configuring done
[1.733s] -- Generating done
[1.735s] -- Build files have been written to: /home/agigas/turtlebot3_ws/build/turtlebot3_fake_node
[1.744s] Invoked command in '/home/agigas/turtlebot3_ws/build/turtlebot3_fake_node' returned '0': CMAKE_PREFIX_PATH=/opt/ros/foxy /usr/bin/cmake /home/agigas/turtlebot3_ws/src/turtlebot3_simulations/turtlebot3_fake_node -DAMENT_CMAKE_SYMLINK_INSTALL=1 -DCMAKE_INSTALL_PREFIX=/home/agigas/turtlebot3_ws/install/turtlebot3_fake_node
[1.745s] Invoking command in '/home/agigas/turtlebot3_ws/build/turtlebot3_fake_node': CMAKE_PREFIX_PATH=/opt/ros/foxy /usr/bin/cmake --build /home/agigas/turtlebot3_ws/build/turtlebot3_fake_node -- -j12 -l12
[1.779s] [35m[1mScanning dependencies of target turtlebot3_fake_node[0m
[1.814s] [ 50%] [32mBuilding CXX object CMakeFiles/turtlebot3_fake_node.dir/src/turtlebot3_fake_node.cpp.o[0m
[7.808s] [100%] [32m[1mLinking CXX executable turtlebot3_fake_node[0m
[8.205s] [100%] Built target turtlebot3_fake_node
[8.217s] Invoked command in '/home/agigas/turtlebot3_ws/build/turtlebot3_fake_node' returned '0': CMAKE_PREFIX_PATH=/opt/ros/foxy /usr/bin/cmake --build /home/agigas/turtlebot3_ws/build/turtlebot3_fake_node -- -j12 -l12
[8.254s] Invoking command in '/home/agigas/turtlebot3_ws/build/turtlebot3_fake_node': CMAKE_PREFIX_PATH=/opt/ros/foxy /usr/bin/cmake --install /home/agigas/turtlebot3_ws/build/turtlebot3_fake_node
[8.264s] -- Install configuration: ""
[8.264s] -- Execute custom install script
[8.265s] -- Symlinking: /home/agigas/turtlebot3_ws/install/turtlebot3_fake_node/lib/turtlebot3_fake_node/turtlebot3_fake_node
[8.274s] -- Symlinking: /home/agigas/turtlebot3_ws/install/turtlebot3_fake_node/share/turtlebot3_fake_node/launch/rviz2.launch.py
[8.283s] -- Symlinking: /home/agigas/turtlebot3_ws/install/turtlebot3_fake_node/share/turtlebot3_fake_node/launch/turtlebot3_fake_node.launch.py
[8.292s] -- Symlinking: /home/agigas/turtlebot3_ws/install/turtlebot3_fake_node/share/turtlebot3_fake_node/param/burger.yaml
[8.301s] -- Symlinking: /home/agigas/turtlebot3_ws/install/turtlebot3_fake_node/share/turtlebot3_fake_node/param/waffle.yaml
[8.309s] -- Symlinking: /home/agigas/turtlebot3_ws/install/turtlebot3_fake_node/share/turtlebot3_fake_node/param/waffle_pi.yaml
[8.319s] -- Symlinking: /home/agigas/turtlebot3_ws/install/turtlebot3_fake_node/share/turtlebot3_fake_node/rviz/model.rviz
[8.328s] -- Symlinking: /home/agigas/turtlebot3_ws/install/turtlebot3_fake_node/include//turtlebot3_fake_node/turtlebot3_fake_node.hpp
[8.337s] -- Symlinking: /home/agigas/turtlebot3_ws/install/turtlebot3_fake_node/share/ament_index/resource_index/package_run_dependencies/turtlebot3_fake_node
[8.347s] -- Symlinking: /home/agigas/turtlebot3_ws/install/turtlebot3_fake_node/share/ament_index/resource_index/parent_prefix_path/turtlebot3_fake_node
[8.356s] -- Symlinking: /home/agigas/turtlebot3_ws/install/turtlebot3_fake_node/share/turtlebot3_fake_node/environment/ament_prefix_path.sh
[8.365s] -- Symlinking: /home/agigas/turtlebot3_ws/install/turtlebot3_fake_node/share/turtlebot3_fake_node/environment/ament_prefix_path.dsv
[8.374s] -- Symlinking: /home/agigas/turtlebot3_ws/install/turtlebot3_fake_node/share/turtlebot3_fake_node/environment/path.sh
[8.384s] -- Symlinking: /home/agigas/turtlebot3_ws/install/turtlebot3_fake_node/share/turtlebot3_fake_node/environment/path.dsv
[8.393s] -- Symlinking: /home/agigas/turtlebot3_ws/install/turtlebot3_fake_node/share/turtlebot3_fake_node/local_setup.bash
[8.402s] -- Symlinking: /home/agigas/turtlebot3_ws/install/turtlebot3_fake_node/share/turtlebot3_fake_node/local_setup.sh
[8.411s] -- Symlinking: /home/agigas/turtlebot3_ws/install/turtlebot3_fake_node/share/turtlebot3_fake_node/local_setup.zsh
[8.419s] -- Symlinking: /home/agigas/turtlebot3_ws/install/turtlebot3_fake_node/share/turtlebot3_fake_node/local_setup.dsv
[8.428s] -- Symlinking: /home/agigas/turtlebot3_ws/install/turtlebot3_fake_node/share/turtlebot3_fake_node/package.dsv
[8.437s] -- Symlinking: /home/agigas/turtlebot3_ws/install/turtlebot3_fake_node/share/ament_index/resource_index/packages/turtlebot3_fake_node
[8.446s] -- Symlinking: /home/agigas/turtlebot3_ws/install/turtlebot3_fake_node/share/turtlebot3_fake_node/cmake/ament_cmake_export_include_directories-extras.cmake
[8.456s] -- Symlinking: /home/agigas/turtlebot3_ws/install/turtlebot3_fake_node/share/turtlebot3_fake_node/cmake/ament_cmake_export_dependencies-extras.cmake
[8.464s] -- Symlinking: /home/agigas/turtlebot3_ws/install/turtlebot3_fake_node/share/turtlebot3_fake_node/cmake/turtlebot3_fake_nodeConfig.cmake
[8.473s] -- Symlinking: /home/agigas/turtlebot3_ws/install/turtlebot3_fake_node/share/turtlebot3_fake_node/cmake/turtlebot3_fake_nodeConfig-version.cmake
[8.482s] -- Symlinking: /home/agigas/turtlebot3_ws/install/turtlebot3_fake_node/share/turtlebot3_fake_node/package.xml
[8.494s] Invoked command in '/home/agigas/turtlebot3_ws/build/turtlebot3_fake_node' returned '0': CMAKE_PREFIX_PATH=/opt/ros/foxy /usr/bin/cmake --install /home/agigas/turtlebot3_ws/build/turtlebot3_fake_node
