[0.015s] Invoking command in '/home/agigas/devopsrobot/ros_master_foxy/build/cpp_topic': CMAKE_PREFIX_PATH=${CMAKE_PREFIX_PATH}:/opt/ros/foxy /usr/bin/cmake /home/agigas/devopsrobot/ros_master_foxy/ros2_basics/cpp_topic -DCMAKE_INSTALL_PREFIX=/home/agigas/devopsrobot/ros_master_foxy/install/cpp_topic
[0.073s] -- The C compiler identification is GNU 9.4.0
[0.127s] -- The CXX compiler identification is GNU 9.4.0
[0.132s] -- Check for working C compiler: /usr/bin/cc
[0.205s] -- Check for working C compiler: /usr/bin/cc -- works
[0.207s] -- Detecting C compiler ABI info
[0.277s] -- Detecting C compiler ABI info - done
[0.288s] -- Detecting C compile features
[0.288s] -- Detecting C compile features - done
[0.290s] -- Check for working CXX compiler: /usr/bin/c++
[0.367s] -- Check for working CXX compiler: /usr/bin/c++ -- works
[0.368s] -- Detecting CXX compiler ABI info
[0.446s] -- Detecting CXX compiler ABI info - done
[0.455s] -- Detecting CXX compile features
[0.456s] -- Detecting CXX compile features - done
[0.458s] -- Found ament_cmake: 0.9.11 (/opt/ros/foxy/share/ament_cmake/cmake)
[0.479s] -- Found PythonInterp: /usr/bin/python3 (found suitable version "3.8.10", minimum required is "3") 
[0.479s] -- Using PYTHON_EXECUTABLE: /usr/bin/python3
[0.687s] -- Found rclcpp: 2.4.2 (/opt/ros/foxy/share/rclcpp/cmake)
[0.736s] -- Using all available rosidl_typesupport_c: rosidl_typesupport_fastrtps_c;rosidl_typesupport_introspection_c
[0.742s] -- Found rosidl_adapter: 1.3.0 (/opt/ros/foxy/share/rosidl_adapter/cmake)
[0.823s] -- Found OpenSSL: /usr/lib/x86_64-linux-gnu/libcrypto.so (found version "1.1.1f")  
[0.850s] -- Found FastRTPS: /opt/ros/foxy/include  
[0.927s] -- Using all available rosidl_typesupport_cpp: rosidl_typesupport_fastrtps_cpp;rosidl_typesupport_introspection_cpp
[0.978s] -- Found rmw_implementation_cmake: 1.0.3 (/opt/ros/foxy/share/rmw_implementation_cmake/cmake)
[0.979s] -- Using RMW implementation 'rmw_fastrtps_cpp' as default
[0.980s] -- Looking for pthread.h
[1.053s] -- Looking for pthread.h - found
[1.053s] -- Performing Test CMAKE_HAVE_LIBC_PTHREAD
[1.124s] -- Performing Test CMAKE_HAVE_LIBC_PTHREAD - Failed
[1.124s] -- Looking for pthread_create in pthreads
[1.182s] -- Looking for pthread_create in pthreads - not found
[1.182s] -- Looking for pthread_create in pthread
[1.256s] -- Looking for pthread_create in pthread - found
[1.257s] -- Found Threads: TRUE  
[1.416s] -- Found geometry_msgs: 2.0.5 (/opt/ros/foxy/share/geometry_msgs/cmake)
[1.503s] -- Configuring done
[1.514s] -- Generating done
[1.517s] -- Build files have been written to: /home/agigas/devopsrobot/ros_master_foxy/build/cpp_topic
[1.527s] Invoked command in '/home/agigas/devopsrobot/ros_master_foxy/build/cpp_topic' returned '0': CMAKE_PREFIX_PATH=${CMAKE_PREFIX_PATH}:/opt/ros/foxy /usr/bin/cmake /home/agigas/devopsrobot/ros_master_foxy/ros2_basics/cpp_topic -DCMAKE_INSTALL_PREFIX=/home/agigas/devopsrobot/ros_master_foxy/install/cpp_topic
[1.529s] Invoking command in '/home/agigas/devopsrobot/ros_master_foxy/build/cpp_topic': CMAKE_PREFIX_PATH=${CMAKE_PREFIX_PATH}:/opt/ros/foxy /usr/bin/cmake --build /home/agigas/devopsrobot/ros_master_foxy/build/cpp_topic -- -j12 -l12
[1.567s] [35m[1mScanning dependencies of target cpp_topic_subscriber_spiral[0m
[1.567s] [35m[1mScanning dependencies of target cpp_topic_publisher_spiral[0m
[1.601s] [ 50%] [32mBuilding CXX object CMakeFiles/cpp_topic_publisher_spiral.dir/src/cpp_topic_publisher_spiral.cpp.o[0m
[1.602s] [ 50%] [32mBuilding CXX object CMakeFiles/cpp_topic_subscriber_spiral.dir/src/cpp_topic_subscriber_spiral.cpp.o[0m
[4.443s] [ 75%] [32m[1mLinking CXX executable cpp_topic_publisher_spiral[0m
[4.601s] [ 75%] Built target cpp_topic_publisher_spiral
[5.964s] [100%] [32m[1mLinking CXX executable cpp_topic_subscriber_spiral[0m
[6.201s] [100%] Built target cpp_topic_subscriber_spiral
[6.211s] Invoked command in '/home/agigas/devopsrobot/ros_master_foxy/build/cpp_topic' returned '0': CMAKE_PREFIX_PATH=${CMAKE_PREFIX_PATH}:/opt/ros/foxy /usr/bin/cmake --build /home/agigas/devopsrobot/ros_master_foxy/build/cpp_topic -- -j12 -l12
[6.252s] Invoking command in '/home/agigas/devopsrobot/ros_master_foxy/build/cpp_topic': CMAKE_PREFIX_PATH=${CMAKE_PREFIX_PATH}:/opt/ros/foxy /usr/bin/cmake --install /home/agigas/devopsrobot/ros_master_foxy/build/cpp_topic
[6.259s] -- Install configuration: ""
[6.260s] -- Installing: /home/agigas/devopsrobot/ros_master_foxy/install/cpp_topic/lib/cpp_topic/cpp_topic_publisher_spiral
[6.261s] -- Set runtime path of "/home/agigas/devopsrobot/ros_master_foxy/install/cpp_topic/lib/cpp_topic/cpp_topic_publisher_spiral" to ""
[6.261s] -- Installing: /home/agigas/devopsrobot/ros_master_foxy/install/cpp_topic/lib/cpp_topic/cpp_topic_subscriber_spiral
[6.262s] -- Set runtime path of "/home/agigas/devopsrobot/ros_master_foxy/install/cpp_topic/lib/cpp_topic/cpp_topic_subscriber_spiral" to ""
[6.263s] -- Installing: /home/agigas/devopsrobot/ros_master_foxy/install/cpp_topic/share/ament_index/resource_index/package_run_dependencies/cpp_topic
[6.263s] -- Installing: /home/agigas/devopsrobot/ros_master_foxy/install/cpp_topic/share/ament_index/resource_index/parent_prefix_path/cpp_topic
[6.263s] -- Installing: /home/agigas/devopsrobot/ros_master_foxy/install/cpp_topic/share/cpp_topic/environment/ament_prefix_path.sh
[6.263s] -- Installing: /home/agigas/devopsrobot/ros_master_foxy/install/cpp_topic/share/cpp_topic/environment/ament_prefix_path.dsv
[6.263s] -- Installing: /home/agigas/devopsrobot/ros_master_foxy/install/cpp_topic/share/cpp_topic/environment/path.sh
[6.264s] -- Installing: /home/agigas/devopsrobot/ros_master_foxy/install/cpp_topic/share/cpp_topic/environment/path.dsv
[6.264s] -- Installing: /home/agigas/devopsrobot/ros_master_foxy/install/cpp_topic/share/cpp_topic/local_setup.bash
[6.264s] -- Installing: /home/agigas/devopsrobot/ros_master_foxy/install/cpp_topic/share/cpp_topic/local_setup.sh
[6.264s] -- Installing: /home/agigas/devopsrobot/ros_master_foxy/install/cpp_topic/share/cpp_topic/local_setup.zsh
[6.264s] -- Installing: /home/agigas/devopsrobot/ros_master_foxy/install/cpp_topic/share/cpp_topic/local_setup.dsv
[6.264s] -- Installing: /home/agigas/devopsrobot/ros_master_foxy/install/cpp_topic/share/cpp_topic/package.dsv
[6.265s] -- Installing: /home/agigas/devopsrobot/ros_master_foxy/install/cpp_topic/share/ament_index/resource_index/packages/cpp_topic
[6.265s] -- Installing: /home/agigas/devopsrobot/ros_master_foxy/install/cpp_topic/share/cpp_topic/cmake/cpp_topicConfig.cmake
[6.265s] -- Installing: /home/agigas/devopsrobot/ros_master_foxy/install/cpp_topic/share/cpp_topic/cmake/cpp_topicConfig-version.cmake
[6.265s] -- Installing: /home/agigas/devopsrobot/ros_master_foxy/install/cpp_topic/share/cpp_topic/package.xml
[6.268s] Invoked command in '/home/agigas/devopsrobot/ros_master_foxy/build/cpp_topic' returned '0': CMAKE_PREFIX_PATH=${CMAKE_PREFIX_PATH}:/opt/ros/foxy /usr/bin/cmake --install /home/agigas/devopsrobot/ros_master_foxy/build/cpp_topic
